* Using CLT13 prime generation
Generating MLM parameters...
  Security Parameter: 152
  Kappa: 3
  Alpha: 152
  Beta: 152
  Eta: 1534
  Nu: 315
  Rho: 152
  Rho_f: 918
  N: 11118
  Number of Zs: 3
  Size: 3
  Seed: 7149422665701753594
  Generating p_i's and g_i's: 76.340180
  Converting g_i's to python objects: 0.000664
  Generating CRT coefficients: 35.169950
  Generating z_i's: 18.964992
  Generating pzt: 41.490259
  Saving to file: 0.002990
Took: 171.974062
Constructing 152 BPs...
Took: 0.048041
Randomizing BPs...
Took: 11.186284
Constructing bookend vectors...
  Computing bookend vectors: 0.249524
  Encoding 3 elements: 35.123463
  Saving to file: 0.005373
  Encoding 3 elements: 35.048356
  Saving to file: 0.005440
Took: 70.435675
Obfuscating layer...
  Encoding 18 elements: 52.527027
  Saving to file: 0.030598
Took: 52.569936
Obfuscation took: 306.214646
Max memory usage: 23751624
Obfuscation took: 306.220610 seconds
