* Using CLT13 prime generation
Generating MLM parameters...
  Security Parameter: 40
  Kappa: 3
  Alpha: 40
  Beta: 40
  Eta: 414
  Nu: 91
  Rho: 40
  Rho_f: 246
  N: 2203
  Number of Zs: 3
  Size: 3
  Seed: 7489333883663610120
  Generating p_i's and g_i's: 0.313484
  Converting g_i's to python objects: 0.002323
  Generating CRT coefficients: 0.843790
  Generating z_i's: 0.420031
  Generating pzt: 0.316041
  Saving to file: 0.000730
Took: 1.899700
Constructing 40 BPs...
Took: 0.013951
Randomizing BPs...
Took: 0.134852
Constructing bookend vectors...
  Computing bookend vectors: 0.068040
  Encoding 3 elements: 0.057674
  Saving to file: 0.000465
  Encoding 3 elements: 0.059354
  Saving to file: 0.000451
Took: 0.186621
Obfuscating layer...
  Encoding 18 elements: 0.113784
  Saving to file: 0.002725
Took: 0.119412
Obfuscation took: 2.355081
Max memory usage: 395840
Encoding a single element takes: 0.000361
Obfuscation took: 2.357474 seconds
