* Using CLT13 prime generation
Generating MLM parameters...
  Security Parameter: 160
  Kappa: 3
  Alpha: 160
  Beta: 160
  Eta: 1614
  Nu: 331
  Rho: 160
  Rho_f: 966
  N: 11817
  Number of Zs: 3
  Size: 3
  Seed: 4558626225205633938
  Generating p_i's and g_i's: 96.124733
  Converting g_i's to python objects: 0.000194
  Generating CRT coefficients: 41.739885
  Generating z_i's: 22.096733
  Generating pzt: 51.079881
  Saving to file: 0.003576
Took: 211.050259
Constructing 160 BPs...
Took: 0.051648
Randomizing BPs...
Took: 11.949923
Constructing bookend vectors...
  Computing bookend vectors: 0.261355
  Encoding 3 elements: 41.825659
  Saving to file: 0.006181
  Encoding 3 elements: 41.632307
  Saving to file: 0.006400
Took: 83.734034
Obfuscating layer...
  Encoding 18 elements: 62.061443
  Saving to file: 0.032791
Took: 62.105169
Obfuscation took: 368.891700
Max memory usage: 28179536
Obfuscation took: 368.896871 seconds
