* Using CLT13 prime generation
Generating MLM parameters...
  Security Parameter: 88
  Kappa: 3
  Alpha: 88
  Beta: 88
  Eta: 894
  Nu: 187
  Rho: 88
  Rho_f: 534
  N: 5774
  Number of Zs: 3
  Size: 3
  Seed: 18294056848213715489
  Generating p_i's and g_i's: 7.575453
  Converting g_i's to python objects: 0.000138
  Generating CRT coefficients: 5.565124
  Generating z_i's: 4.144052
  Generating pzt: 4.752491
  Saving to file: 0.001746
Took: 22.042922
Constructing 88 BPs...
Took: 0.029635
Randomizing BPs...
Took: 2.351104
Constructing bookend vectors...
  Computing bookend vectors: 0.148861
  Encoding 3 elements: 0.456842
  Saving to file: 0.002258
  Encoding 3 elements: 0.453286
  Saving to file: 0.002155
Took: 1.064661
Obfuscating layer...
  Encoding 18 elements: 0.674470
  Saving to file: 0.008986
Took: 0.688818
Obfuscation took: 26.177758
Max memory usage: 3985120
Encoding a single element takes: 0.000846
Obfuscation took: 26.181131 seconds
