Generating MLM parameters...
  Security Parameter: 72
  Kappa: 3
  Alpha: 72
  Beta: 72
  Eta: 734
  Nu: 155
  Rho: 72
  Rho_f: 438
  N: 4528
  Number of Zs: 3
  Size: 3
  Seed: 4156645384855798347
  Generating p_i's and g_i's: 7.063025
  Converting g_i's to python objects: 0.000480
  Generating CRT coefficients: 3.332823
  Generating z_i's: 2.324593
  Generating pzt: 2.286965
  Saving to file: 0.001401
Took: 15.013728
Constructing 72 BPs...
Took: 0.024398
Randomizing BPs...
Took: 0.912560
Constructing bookend vectors...
  Computing bookend vectors: 0.122096
  Encoding 3 elements: 1.951002
  Saving to file: 0.001497
  Encoding 3 elements: 1.950444
  Saving to file: 0.001526
Took: 4.028252
Obfuscating layer...
  Encoding 18 elements: 2.764682
  Saving to file: 0.005414
Took: 2.776972
Obfuscation took: 22.761959
Max memory usage: 2107044
Obfuscation took: 22.765497 seconds
