Generating MLM parameters...
  Security Parameter: 24
  Kappa: 3
  Alpha: 24
  Beta: 24
  Eta: 254
  Nu: 59
  Rho: 24
  Rho_f: 150
  N: 1164
  Number of Zs: 3
  Size: 3
  Seed: 4974721612448895909
  Generating p_i's and g_i's: 0.057397
  Converting g_i's to python objects: 0.000029
  Generating CRT coefficients: 0.062844
  Generating z_i's: 0.087236
  Generating pzt: 0.062058
  Saving to file: 0.000531
Took: 0.272790
Constructing 24 BPs...
Took: 0.011371
Randomizing BPs...
Took: 0.078348
Constructing bookend vectors...
  Computing bookend vectors: 0.032439
  Encoding 3 elements: 0.049127
  Saving to file: 0.000294
  Encoding 3 elements: 0.041488
  Saving to file: 0.000294
Took: 0.124281
Obfuscating layer...
  Encoding 18 elements: 0.062695
  Saving to file: 0.001220
Took: 0.066840
Obfuscation took: 0.554217
Max memory usage: 188388
Obfuscation took: 0.555816 seconds
