* Using CLT13 prime generation
Generating MLM parameters...
  Security Parameter: 32
  Kappa: 3
  Alpha: 32
  Beta: 32
  Eta: 334
  Nu: 75
  Rho: 32
  Rho_f: 198
  N: 1670
  Number of Zs: 3
  Size: 3
  Seed: 9454552077492273536
  Generating p_i's and g_i's: 0.122073
  Converting g_i's to python objects: 0.000048
  Generating CRT coefficients: 0.609168
  Generating z_i's: 0.194971
  Generating pzt: 0.191716
  Saving to file: 0.000556
Took: 1.121573
Constructing 32 BPs...
Took: 0.011219
Randomizing BPs...
Took: 0.108397
Constructing bookend vectors...
  Computing bookend vectors: 0.054039
  Encoding 3 elements: 0.072816
  Saving to file: 0.000358
  Encoding 3 elements: 0.072462
  Saving to file: 0.000345
Took: 0.200596
Obfuscating layer...
  Encoding 18 elements: 0.127857
  Saving to file: 0.001696
Took: 0.132139
Obfuscation took: 1.574357
Max memory usage: 254504
Obfuscation took: 1.576450 seconds
