* Using CLT13 prime generation
Generating MLM parameters...
  Security Parameter: 64
  Kappa: 3
  Alpha: 64
  Beta: 64
  Eta: 654
  Nu: 139
  Rho: 64
  Rho_f: 390
  N: 3924
  Number of Zs: 3
  Size: 3
  Seed: 5586314766912540927
  Generating p_i's and g_i's: 2.181594
  Converting g_i's to python objects: 0.000093
  Generating CRT coefficients: 2.483074
  Generating z_i's: 1.640087
  Generating pzt: 1.460093
  Saving to file: 0.001164
Took: 7.769419
Constructing 64 BPs...
Took: 0.021634
Randomizing BPs...
Took: 0.243499
Constructing bookend vectors...
  Computing bookend vectors: 0.109204
  Encoding 3 elements: 0.195954
  Saving to file: 0.001115
  Encoding 3 elements: 0.189051
  Saving to file: 0.001111
Took: 0.497343
Obfuscating layer...
  Encoding 18 elements: 0.300119
  Saving to file: 0.004912
Took: 0.308710
Obfuscation took: 8.841155
Max memory usage: 1445700
Encoding a single element takes: 0.000597
Obfuscation took: 8.843862 seconds
