* Using CLT13 prime generation
Generating MLM parameters...
  Security Parameter: 80
  Kappa: 3
  Alpha: 80
  Beta: 80
  Eta: 814
  Nu: 171
  Rho: 80
  Rho_f: 486
  N: 5146
  Number of Zs: 3
  Size: 3
  Seed: 2709317797626680749
  Generating p_i's and g_i's: 5.206708
  Converting g_i's to python objects: 0.000122
  Generating CRT coefficients: 4.431038
  Generating z_i's: 2.969383
  Generating pzt: 3.500860
  Saving to file: 0.001627
Took: 16.113694
Constructing 80 BPs...
Took: 0.027736
Randomizing BPs...
Took: 1.476961
Constructing bookend vectors...
  Computing bookend vectors: 0.137131
  Encoding 3 elements: 2.726849
  Saving to file: 0.001951
  Encoding 3 elements: 2.659208
  Saving to file: 0.001869
Took: 5.528183
Obfuscating layer...
  Encoding 18 elements: 3.873337
  Saving to file: 0.006422
Took: 3.884367
Obfuscation took: 27.031666
Max memory usage: 2856472
Obfuscation took: 27.035037 seconds
