* Using CLT13 prime generation
Generating MLM parameters...
  Security Parameter: 144
  Kappa: 3
  Alpha: 144
  Beta: 144
  Eta: 1454
  Nu: 299
  Rho: 144
  Rho_f: 870
  N: 10425
  Number of Zs: 3
  Size: 3
  Seed: 8773122106273966140
  Generating p_i's and g_i's: 61.852307
  Converting g_i's to python objects: 0.003346
  Generating CRT coefficients: 29.505830
  Generating z_i's: 15.911002
  Generating pzt: 33.158484
  Saving to file: 0.002731
Took: 140.439173
Constructing 144 BPs...
Took: 0.045468
Randomizing BPs...
Took: 9.809120
Constructing bookend vectors...
  Computing bookend vectors: 0.234365
  Encoding 3 elements: 1.581705
  Saving to file: 0.004354
  Encoding 3 elements: 1.567821
  Saving to file: 0.004944
Took: 3.395483
Obfuscating layer...
  Encoding 18 elements: 2.291659
  Saving to file: 0.024460
Took: 2.333334
Obfuscation took: 156.023156
Max memory usage: 19933780
Encoding a single element takes: 0.001237
Obfuscation took: 156.027405 seconds
