Generating MLM parameters...
  Security Parameter: 136
  Kappa: 3
  Alpha: 136
  Beta: 136
  Eta: 1374
  Nu: 283
  Rho: 136
  Rho_f: 822
  N: 9738
  Number of Zs: 3
  Size: 3
  Seed: 2561433521571486352
  Generating p_i's and g_i's: 122.788851
  Converting g_i's to python objects: 0.006677
  Generating CRT coefficients: 23.833083
  Generating z_i's: 13.799949
  Generating pzt: 26.790928
  Saving to file: 0.002611
Took: 187.227937
Constructing 136 BPs...
Took: 0.044679
Randomizing BPs...
Took: 7.491845
Constructing bookend vectors...
  Computing bookend vectors: 0.223131
  Encoding 3 elements: 24.346078
  Saving to file: 0.004697
  Encoding 3 elements: 24.273130
  Saving to file: 0.004709
Took: 48.854651
Obfuscating layer...
  Encoding 18 elements: 35.406346
  Saving to file: 0.022618
Took: 35.440931
Obfuscation took: 279.060772
Max memory usage: 16639904
Obfuscation took: 279.065455 seconds
