* Using CLT13 prime generation
Generating MLM parameters...
  Security Parameter: 56
  Kappa: 3
  Alpha: 56
  Beta: 56
  Eta: 574
  Nu: 123
  Rho: 56
  Rho_f: 342
  N: 3333
  Number of Zs: 3
  Size: 3
  Seed: 15059131675512354615
  Generating p_i's and g_i's: 1.230703
  Converting g_i's to python objects: 0.000073
  Generating CRT coefficients: 1.889997
  Generating z_i's: 1.075590
  Generating pzt: 0.919775
  Saving to file: 0.000974
Took: 5.120315
Constructing 56 BPs...
Took: 0.019229
Randomizing BPs...
Took: 0.216070
Constructing bookend vectors...
  Computing bookend vectors: 0.097115
  Encoding 3 elements: 0.625903
  Saving to file: 0.000843
  Encoding 3 elements: 0.622815
  Saving to file: 0.000840
Took: 1.348350
Obfuscating layer...
  Encoding 18 elements: 0.936914
  Saving to file: 0.003849
Took: 0.943719
Obfuscation took: 7.648205
Max memory usage: 956740
Obfuscation took: 7.652786 seconds
