* Using CLT13 prime generation
Generating MLM parameters...
  Security Parameter: 112
  Kappa: 3
  Alpha: 112
  Beta: 112
  Eta: 1134
  Nu: 235
  Rho: 112
  Rho_f: 678
  N: 7719
  Number of Zs: 3
  Size: 3
  Seed: 12612289456923107001
  Generating p_i's and g_i's: 20.908110
  Converting g_i's to python objects: 0.005857
  Generating CRT coefficients: 11.813644
  Generating z_i's: 8.160730
  Generating pzt: 12.158945
  Saving to file: 0.002355
Took: 53.053954
Constructing 112 BPs...
Took: 0.035851
Randomizing BPs...
Took: 4.471995
Constructing bookend vectors...
  Computing bookend vectors: 0.180649
  Encoding 3 elements: 10.505869
  Saving to file: 0.003006
  Encoding 3 elements: 10.535268
  Saving to file: 0.003036
Took: 21.230716
Obfuscating layer...
  Encoding 18 elements: 14.715051
  Saving to file: 0.015030
Took: 14.737304
Obfuscation took: 93.530408
Max memory usage: 8638556
Obfuscation took: 93.534360 seconds
