* Using CLT13 prime generation
Generating MLM parameters...
  Security Parameter: 48
  Kappa: 3
  Alpha: 48
  Beta: 48
  Eta: 494
  Nu: 107
  Rho: 48
  Rho_f: 294
  N: 2758
  Number of Zs: 3
  Size: 3
  Seed: 16403600047177645232
  Generating p_i's and g_i's: 0.672604
  Converting g_i's to python objects: 0.000058
  Generating CRT coefficients: 1.337550
  Generating z_i's: 0.712588
  Generating pzt: 0.612286
  Saving to file: 0.000785
Took: 3.339447
Constructing 48 BPs...
Took: 0.016451
Randomizing BPs...
Took: 0.162162
Constructing bookend vectors...
  Computing bookend vectors: 0.081148
  Encoding 3 elements: 0.094319
  Saving to file: 0.000635
  Encoding 3 elements: 0.092786
  Saving to file: 0.000654
Took: 0.270313
Obfuscating layer...
  Encoding 18 elements: 0.172058
  Saving to file: 0.003095
Took: 0.178221
Obfuscation took: 3.967133
Max memory usage: 628140
Encoding a single element takes: 0.000440
Obfuscation took: 3.969484 seconds
