* Using CLT13 prime generation
Generating MLM parameters...
  Security Parameter: 120
  Kappa: 3
  Alpha: 120
  Beta: 120
  Eta: 1214
  Nu: 251
  Rho: 120
  Rho_f: 726
  N: 8384
  Number of Zs: 3
  Size: 3
  Seed: 10183065914217754323
  Generating p_i's and g_i's: 28.019416
  Converting g_i's to python objects: 0.000392
  Generating CRT coefficients: 15.182064
  Generating z_i's: 10.203407
  Generating pzt: 19.798144
  Saving to file: 0.002264
Took: 73.210345
Constructing 120 BPs...
Took: 0.037997
Randomizing BPs...
Took: 5.367707
Constructing bookend vectors...
  Computing bookend vectors: 0.191787
  Encoding 3 elements: 1.024350
  Saving to file: 0.002904
  Encoding 3 elements: 1.054362
  Saving to file: 0.003727
Took: 2.279945
Obfuscating layer...
  Encoding 18 elements: 1.483843
  Saving to file: 0.017423
Took: 1.512478
Obfuscation took: 82.410999
Max memory usage: 11001648
Encoding a single element takes: 0.001058
Obfuscation took: 82.415498 seconds
