* Using CLT13 prime generation
Generating MLM parameters...
  Security Parameter: 128
  Kappa: 3
  Alpha: 128
  Beta: 128
  Eta: 1294
  Nu: 267
  Rho: 128
  Rho_f: 774
  N: 9058
  Number of Zs: 3
  Size: 3
  Seed: 10605772492154927451
  Generating p_i's and g_i's: 37.570238
  Converting g_i's to python objects: 0.000700
  Generating CRT coefficients: 18.299957
  Generating z_i's: 12.205399
  Generating pzt: 20.874333
  Saving to file: 0.003157
Took: 88.958680
Constructing 128 BPs...
Took: 0.040998
Randomizing BPs...
Took: 6.070051
Constructing bookend vectors...
  Computing bookend vectors: 0.207639
  Encoding 3 elements: 1.205091
  Saving to file: 0.003376
  Encoding 3 elements: 1.194840
  Saving to file: 0.003886
Took: 2.616599
Obfuscating layer...
  Encoding 18 elements: 1.729201
  Saving to file: 0.020579
Took: 1.759088
Obfuscation took: 99.446035
Max memory usage: 13496768
Encoding a single element takes: 0.001076
Obfuscation took: 99.450243 seconds
