* Using CLT13 prime generation
Generating MLM parameters...
  Security Parameter: 96
  Kappa: 3
  Alpha: 96
  Beta: 96
  Eta: 974
  Nu: 203
  Rho: 96
  Rho_f: 582
  N: 6413
  Number of Zs: 3
  Size: 3
  Seed: 9653734206934715046
  Generating p_i's and g_i's: 10.981263
  Converting g_i's to python objects: 0.005896
  Generating CRT coefficients: 7.345763
  Generating z_i's: 5.131686
  Generating pzt: 6.722142
  Saving to file: 0.001924
Took: 30.192740
Constructing 96 BPs...
Took: 0.032083
Randomizing BPs...
Took: 2.669459
Constructing bookend vectors...
  Computing bookend vectors: 0.214685
  Encoding 3 elements: 0.559175
  Saving to file: 0.002571
  Encoding 3 elements: 0.549597
  Saving to file: 0.002493
Took: 1.329370
Obfuscating layer...
  Encoding 18 elements: 0.816077
  Saving to file: 0.011064
Took: 0.833124
Obfuscation took: 35.057315
Max memory usage: 5208480
Encoding a single element takes: 0.000889
Obfuscation took: 35.060770 seconds
