Generating MLM parameters...
  Security Parameter: 104
  Kappa: 3
  Alpha: 104
  Beta: 104
  Eta: 1054
  Nu: 219
  Rho: 104
  Rho_f: 630
  N: 7062
  Number of Zs: 3
  Size: 3
  Seed: 2873952236260306467
  Generating p_i's and g_i's: 35.342473
  Converting g_i's to python objects: 0.000347
  Generating CRT coefficients: 9.681951
  Generating z_i's: 6.534231
  Generating pzt: 9.207372
  Saving to file: 0.002090
Took: 60.772862
Constructing 104 BPs...
Took: 0.033127
Randomizing BPs...
Took: 3.352218
Constructing bookend vectors...
  Computing bookend vectors: 0.218480
  Encoding 3 elements: 8.298283
  Saving to file: 0.003204
  Encoding 3 elements: 8.249869
  Saving to file: 0.002918
Took: 16.774390
Obfuscating layer...
  Encoding 18 elements: 11.533684
  Saving to file: 0.013873
Took: 11.555414
Obfuscation took: 92.488606
Max memory usage: 6841852
Obfuscation took: 92.492389 seconds
