* Using CLT13 prime generation
Generating MLM parameters...
  Security Parameter: 48
  Kappa: 14
  Alpha: 48
  Beta: 48
  Eta: 1572
  Nu: 107
  Rho: 48
  Rho_f: 1372
  N: 8779
  Number of Zs: 14
  Size: 14
  Seed: 327686221011532915
  Generating p_i's and g_i's: 47.250952
  Converting g_i's to python objects: 0.000067
  Generating CRT coefficients: 37.909637
  Generating z_i's: 22.298465
  Generating pzt: 61.251315
  Saving to file: 0.002769
Took: 168.717352
Constructing 48 BPs...
Took: 0.487751
Randomizing BPs...
Took: 7.036575
Constructing bookend vectors...
  Computing bookend vectors: 0.110114
  Encoding 14 elements: 2.058624
  Saving to file: 0.018436
  Encoding 14 elements: 2.079630
  Saving to file: 0.018275
Took: 4.294781
Obfuscating layer...
  Encoding 392 elements: 51.562218
  Saving to file: 0.468530
Took: 52.107954
Obfuscating layer...
  Encoding 392 elements: 51.668198
  Saving to file: 0.468390
Took: 52.218975
Obfuscating layer...
  Encoding 392 elements: 51.691269
  Saving to file: 0.469043
Took: 52.246427
Obfuscating layer...
  Encoding 392 elements: 51.669433
  Saving to file: 0.468300
Took: 52.226237
Obfuscating layer...
  Encoding 392 elements: 51.789398
  Saving to file: 0.468784
Took: 52.349676
Obfuscating layer...
  Encoding 392 elements: 51.860157
  Saving to file: 0.469518
Took: 52.424907
Obfuscating layer...
  Encoding 392 elements: 51.688488
  Saving to file: 0.469474
Took: 52.254435
Obfuscating layer...
  Encoding 392 elements: 51.830571
  Saving to file: 0.469847
Took: 52.398090
Obfuscating layer...
  Encoding 392 elements: 51.744411
  Saving to file: 0.469399
Took: 52.312339
Obfuscating layer...
  Encoding 392 elements: 51.760135
  Saving to file: 0.468767
Took: 52.329276
Obfuscating layer...
  Encoding 392 elements: 51.711295
  Saving to file: 0.468735
Took: 52.279955
Obfuscating layer...
  Encoding 392 elements: 51.605780
  Saving to file: 0.468451
Took: 52.176112
Obfuscation took: 807.862124
Max memory usage: 16336200
Encoding a single element takes: 0.004409
Obfuscation took: 807.910529 seconds
