4	../code/circuits/point-12.circ.obf.48/0.input
328201804	../code/circuits/point-12.circ.obf.48/0.one
328201803	../code/circuits/point-12.circ.obf.48/0.zero
5	../code/circuits/point-12.circ.obf.48/10.input
328201804	../code/circuits/point-12.circ.obf.48/10.one
328201804	../code/circuits/point-12.circ.obf.48/10.zero
5	../code/circuits/point-12.circ.obf.48/11.input
328201804	../code/circuits/point-12.circ.obf.48/11.one
328201802	../code/circuits/point-12.circ.obf.48/11.zero
5	../code/circuits/point-12.circ.obf.48/1.input
328201804	../code/circuits/point-12.circ.obf.48/1.one
328201803	../code/circuits/point-12.circ.obf.48/1.zero
5	../code/circuits/point-12.circ.obf.48/2.input
328201804	../code/circuits/point-12.circ.obf.48/2.one
328201803	../code/circuits/point-12.circ.obf.48/2.zero
5	../code/circuits/point-12.circ.obf.48/3.input
328201802	../code/circuits/point-12.circ.obf.48/3.one
328201803	../code/circuits/point-12.circ.obf.48/3.zero
5	../code/circuits/point-12.circ.obf.48/4.input
328201804	../code/circuits/point-12.circ.obf.48/4.one
328201802	../code/circuits/point-12.circ.obf.48/4.zero
5	../code/circuits/point-12.circ.obf.48/5.input
328201804	../code/circuits/point-12.circ.obf.48/5.one
328201803	../code/circuits/point-12.circ.obf.48/5.zero
5	../code/circuits/point-12.circ.obf.48/6.input
328201804	../code/circuits/point-12.circ.obf.48/6.one
328201804	../code/circuits/point-12.circ.obf.48/6.zero
5	../code/circuits/point-12.circ.obf.48/7.input
328201802	../code/circuits/point-12.circ.obf.48/7.one
328201803	../code/circuits/point-12.circ.obf.48/7.zero
5	../code/circuits/point-12.circ.obf.48/8.input
328201803	../code/circuits/point-12.circ.obf.48/8.one
328201800	../code/circuits/point-12.circ.obf.48/8.zero
5	../code/circuits/point-12.circ.obf.48/9.input
328201802	../code/circuits/point-12.circ.obf.48/9.one
328201804	../code/circuits/point-12.circ.obf.48/9.zero
5	../code/circuits/point-12.circ.obf.48/nu
1674499	../code/circuits/point-12.circ.obf.48/pzt
23442986	../code/circuits/point-12.circ.obf.48/s_enc
5	../code/circuits/point-12.circ.obf.48/size
23442985	../code/circuits/point-12.circ.obf.48/t_enc
1674499	../code/circuits/point-12.circ.obf.48/x0
