4	../code/circuits/point-16.circ.obf.48/0.input
846745365	../code/circuits/point-16.circ.obf.48/0.one
846745381	../code/circuits/point-16.circ.obf.48/0.zero
5	../code/circuits/point-16.circ.obf.48/10.input
846745376	../code/circuits/point-16.circ.obf.48/10.one
846745374	../code/circuits/point-16.circ.obf.48/10.zero
5	../code/circuits/point-16.circ.obf.48/11.input
846745371	../code/circuits/point-16.circ.obf.48/11.one
846745379	../code/circuits/point-16.circ.obf.48/11.zero
5	../code/circuits/point-16.circ.obf.48/12.input
846745375	../code/circuits/point-16.circ.obf.48/12.one
846745371	../code/circuits/point-16.circ.obf.48/12.zero
5	../code/circuits/point-16.circ.obf.48/13.input
846745374	../code/circuits/point-16.circ.obf.48/13.one
846745376	../code/circuits/point-16.circ.obf.48/13.zero
5	../code/circuits/point-16.circ.obf.48/14.input
846745372	../code/circuits/point-16.circ.obf.48/14.one
846745356	../code/circuits/point-16.circ.obf.48/14.zero
5	../code/circuits/point-16.circ.obf.48/15.input
846745369	../code/circuits/point-16.circ.obf.48/15.one
846745383	../code/circuits/point-16.circ.obf.48/15.zero
5	../code/circuits/point-16.circ.obf.48/1.input
846745384	../code/circuits/point-16.circ.obf.48/1.one
846745363	../code/circuits/point-16.circ.obf.48/1.zero
5	../code/circuits/point-16.circ.obf.48/2.input
846745370	../code/circuits/point-16.circ.obf.48/2.one
846745371	../code/circuits/point-16.circ.obf.48/2.zero
5	../code/circuits/point-16.circ.obf.48/3.input
846745371	../code/circuits/point-16.circ.obf.48/3.one
846745375	../code/circuits/point-16.circ.obf.48/3.zero
5	../code/circuits/point-16.circ.obf.48/4.input
846745372	../code/circuits/point-16.circ.obf.48/4.one
846745364	../code/circuits/point-16.circ.obf.48/4.zero
5	../code/circuits/point-16.circ.obf.48/5.input
846745356	../code/circuits/point-16.circ.obf.48/5.one
846745362	../code/circuits/point-16.circ.obf.48/5.zero
5	../code/circuits/point-16.circ.obf.48/6.input
846745361	../code/circuits/point-16.circ.obf.48/6.one
846745387	../code/circuits/point-16.circ.obf.48/6.zero
5	../code/circuits/point-16.circ.obf.48/7.input
846745363	../code/circuits/point-16.circ.obf.48/7.one
846745378	../code/circuits/point-16.circ.obf.48/7.zero
5	../code/circuits/point-16.circ.obf.48/8.input
846745389	../code/circuits/point-16.circ.obf.48/8.one
846745368	../code/circuits/point-16.circ.obf.48/8.zero
5	../code/circuits/point-16.circ.obf.48/9.input
846745371	../code/circuits/point-16.circ.obf.48/9.one
846745365	../code/circuits/point-16.circ.obf.48/9.zero
5	../code/circuits/point-16.circ.obf.48/nu
2613411	../code/circuits/point-16.circ.obf.48/pzt
47041409	../code/circuits/point-16.circ.obf.48/s_enc
5	../code/circuits/point-16.circ.obf.48/size
47041407	../code/circuits/point-16.circ.obf.48/t_enc
2613412	../code/circuits/point-16.circ.obf.48/x0
