* Using CLT13 prime generation
Generating MLM parameters...
  Security Parameter: 48
  Kappa: 18
  Alpha: 48
  Beta: 48
  Eta: 1964
  Nu: 107
  Rho: 48
  Rho_f: 1764
  N: 10968
  Number of Zs: 18
  Size: 18
  Seed: 12063243211362747711
  Generating p_i's and g_i's: 156.098851
  Converting g_i's to python objects: 0.000078
  Generating CRT coefficients: 51.949390
  Generating z_i's: 35.075522
  Generating pzt: 179.178342
  Saving to file: 0.004056
Took: 422.311555
Constructing 48 BPs...
Took: 0.678150
Randomizing BPs...
Took: 17.532360
Constructing bookend vectors...
  Computing bookend vectors: 0.123291
  Encoding 18 elements: 41.469408
  Saving to file: 0.036411
  Encoding 18 elements: 41.091821
  Saving to file: 0.036367
Took: 82.777783
Obfuscating layer...
  Encoding 648 elements: 1426.744746
  Saving to file: 1.291831
Took: 1428.220889
Obfuscating layer...
  Encoding 648 elements: 1454.885371
  Saving to file: 1.302201
Took: 1456.339453
Obfuscating layer...
  Encoding 648 elements: 1425.630822
  Saving to file: 1.431671
Took: 1427.267706
Obfuscating layer...
  Encoding 648 elements: 1475.021172
  Saving to file: 1.389011
Took: 1476.608578
Obfuscating layer...
  Encoding 648 elements: 1440.135307
  Saving to file: 1.324386
Took: 1441.686311
Obfuscating layer...
  Encoding 648 elements: 1423.388253
  Saving to file: 1.380678
Took: 1425.015829
Obfuscating layer...
  Encoding 648 elements: 1378.446601
  Saving to file: 1.390543
Took: 1380.059717
Obfuscating layer...
  Encoding 648 elements: 1397.322075
  Saving to file: 1.393040
Took: 1398.936307
Obfuscating layer...
  Encoding 648 elements: 1376.802556
  Saving to file: 1.389014
Took: 1378.406188
Obfuscating layer...
  Encoding 648 elements: 1372.369761
  Saving to file: 1.372852
Took: 1373.977856
Obfuscating layer...
  Encoding 648 elements: 1383.092145
  Saving to file: 1.358352
Took: 1384.680971
Obfuscating layer...
  Encoding 648 elements: 1348.000957
  Saving to file: 1.376099
Took: 1349.601813
Obfuscating layer...
  Encoding 648 elements: 1341.006006
  Saving to file: 1.344786
Took: 1342.584033
Obfuscating layer...
  Encoding 648 elements: 1353.531452
  Saving to file: 1.324046
Took: 1355.086728
Obfuscating layer...
  Encoding 648 elements: 1354.171011
  Saving to file: 1.356214
Took: 1355.736957
Obfuscating layer...
  Encoding 648 elements: 1406.214148
  Saving to file: 1.307749
Took: 1407.708251
Obfuscation took: 22905.223419
Max memory usage: 33289808
Obfuscation took: 22905.321542 seconds
