4	../code/circuits/point-8.circ.obf.48/0.input
94358900	../code/circuits/point-8.circ.obf.48/0.one
94358899	../code/circuits/point-8.circ.obf.48/0.zero
5	../code/circuits/point-8.circ.obf.48/1.input
94358899	../code/circuits/point-8.circ.obf.48/1.one
94358898	../code/circuits/point-8.circ.obf.48/1.zero
5	../code/circuits/point-8.circ.obf.48/2.input
94358898	../code/circuits/point-8.circ.obf.48/2.one
94358900	../code/circuits/point-8.circ.obf.48/2.zero
5	../code/circuits/point-8.circ.obf.48/3.input
94358897	../code/circuits/point-8.circ.obf.48/3.one
94358900	../code/circuits/point-8.circ.obf.48/3.zero
5	../code/circuits/point-8.circ.obf.48/4.input
94358899	../code/circuits/point-8.circ.obf.48/4.one
94358900	../code/circuits/point-8.circ.obf.48/4.zero
5	../code/circuits/point-8.circ.obf.48/5.input
94358900	../code/circuits/point-8.circ.obf.48/5.one
94358899	../code/circuits/point-8.circ.obf.48/5.zero
5	../code/circuits/point-8.circ.obf.48/6.input
94358898	../code/circuits/point-8.circ.obf.48/6.one
94358896	../code/circuits/point-8.circ.obf.48/6.zero
5	../code/circuits/point-8.circ.obf.48/7.input
94358900	../code/circuits/point-8.circ.obf.48/7.one
94358900	../code/circuits/point-8.circ.obf.48/7.zero
5	../code/circuits/point-8.circ.obf.48/nu
943588	../code/circuits/point-8.circ.obf.48/pzt
9435890	../code/circuits/point-8.circ.obf.48/s_enc
5	../code/circuits/point-8.circ.obf.48/size
9435890	../code/circuits/point-8.circ.obf.48/t_enc
943589	../code/circuits/point-8.circ.obf.48/x0
