* Using CLT13 prime generation
Generating MLM parameters...
  Security Parameter: 48
  Kappa: 22
  Alpha: 48
  Beta: 48
  Eta: 2356
  Nu: 107
  Rho: 48
  Rho_f: 2156
  N: 13158
  Number of Zs: 22
  Size: 22
  Seed: 10319809955489868607
  Generating p_i's and g_i's: 1406.026581
  Converting g_i's to python objects: 0.000124
  Generating CRT coefficients: 214.497195
  Generating z_i's: 53.074126
  Generating pzt: 425.418420
  Saving to file: 0.006839
Took: 2099.036180
Constructing 48 BPs...
Took: 0.885353
Randomizing BPs...
Took: 37.894400
Constructing bookend vectors...
  Computing bookend vectors: 0.354079
  Encoding 22 elements: 4.602464
  Saving to file: 0.061003
  Encoding 22 elements: 4.573108
  Saving to file: 0.060422
Took: 9.681987
Obfuscating layer...
  Encoding 968 elements: 161.538677
  Saving to file: 2.576820
Took: 164.373617
Obfuscating layer...
  Encoding 968 elements: 161.506079
  Saving to file: 2.572047
Took: 164.352788
Obfuscating layer...
  Encoding 968 elements: 161.500827
  Saving to file: 2.575874
Took: 164.370729
Obfuscating layer...
  Encoding 968 elements: 161.191434
  Saving to file: 2.627034
Took: 164.156144
Obfuscating layer...
  Encoding 968 elements: 161.393905
  Saving to file: 2.624584
Took: 164.334492
Obfuscating layer...
  Encoding 968 elements: 162.017730
  Saving to file: 2.621861
Took: 164.938567
Obfuscating layer...
  Encoding 968 elements: 161.435738
  Saving to file: 2.606490
Took: 164.341518
Obfuscating layer...
  Encoding 968 elements: 161.775598
  Saving to file: 2.637187
Took: 164.708179
Obfuscating layer...
  Encoding 968 elements: 161.747097
  Saving to file: 2.598512
Took: 164.657118
Obfuscating layer...
  Encoding 968 elements: 161.601906
  Saving to file: 2.583369
Took: 164.509318
Obfuscating layer...
  Encoding 968 elements: 161.097645
  Saving to file: 2.600133
Took: 163.989603
Obfuscating layer...
  Encoding 968 elements: 161.351849
  Saving to file: 2.619047
Took: 164.263158
Obfuscating layer...
  Encoding 968 elements: 161.411890
  Saving to file: 2.642915
Took: 164.345684
Obfuscating layer...
  Encoding 968 elements: 161.246029
  Saving to file: 2.592758
Took: 164.123626
Obfuscating layer...
  Encoding 968 elements: 161.303358
  Saving to file: 2.628007
Took: 164.216490
Obfuscating layer...
  Encoding 968 elements: 161.360422
  Saving to file: 2.618015
Took: 164.264776
Obfuscating layer...
  Encoding 968 elements: 161.205673
  Saving to file: 2.600384
Took: 164.102261
Obfuscating layer...
  Encoding 968 elements: 161.048059
  Saving to file: 2.633721
Took: 164.021220
Obfuscating layer...
  Encoding 968 elements: 160.983760
  Saving to file: 2.591367
Took: 163.886541
Obfuscating layer...
  Encoding 968 elements: 161.322566
  Saving to file: 2.644725
Took: 164.267473
Obfuscation took: 5433.740455
Max memory usage: 58614124
Encoding a single element takes: 0.001912
Obfuscation took: 5433.898168 seconds
