4	../code/circuits/point-20.circ.obf.48/0.input
1819255666	../code/circuits/point-20.circ.obf.48/0.one
1819255678	../code/circuits/point-20.circ.obf.48/0.zero
5	../code/circuits/point-20.circ.obf.48/10.input
1819255684	../code/circuits/point-20.circ.obf.48/10.one
1819255683	../code/circuits/point-20.circ.obf.48/10.zero
5	../code/circuits/point-20.circ.obf.48/11.input
1819255672	../code/circuits/point-20.circ.obf.48/11.one
1819255680	../code/circuits/point-20.circ.obf.48/11.zero
5	../code/circuits/point-20.circ.obf.48/12.input
1819255663	../code/circuits/point-20.circ.obf.48/12.one
1819255693	../code/circuits/point-20.circ.obf.48/12.zero
5	../code/circuits/point-20.circ.obf.48/13.input
1819255686	../code/circuits/point-20.circ.obf.48/13.one
1819255673	../code/circuits/point-20.circ.obf.48/13.zero
5	../code/circuits/point-20.circ.obf.48/14.input
1819255668	../code/circuits/point-20.circ.obf.48/14.one
1819255677	../code/circuits/point-20.circ.obf.48/14.zero
5	../code/circuits/point-20.circ.obf.48/15.input
1819255684	../code/circuits/point-20.circ.obf.48/15.one
1819255695	../code/circuits/point-20.circ.obf.48/15.zero
5	../code/circuits/point-20.circ.obf.48/16.input
1819255694	../code/circuits/point-20.circ.obf.48/16.one
1819255694	../code/circuits/point-20.circ.obf.48/16.zero
5	../code/circuits/point-20.circ.obf.48/17.input
1819255674	../code/circuits/point-20.circ.obf.48/17.one
1819255672	../code/circuits/point-20.circ.obf.48/17.zero
5	../code/circuits/point-20.circ.obf.48/18.input
1819255673	../code/circuits/point-20.circ.obf.48/18.one
1819255681	../code/circuits/point-20.circ.obf.48/18.zero
5	../code/circuits/point-20.circ.obf.48/19.input
1819255682	../code/circuits/point-20.circ.obf.48/19.one
1819255693	../code/circuits/point-20.circ.obf.48/19.zero
5	../code/circuits/point-20.circ.obf.48/1.input
1819255675	../code/circuits/point-20.circ.obf.48/1.one
1819255678	../code/circuits/point-20.circ.obf.48/1.zero
5	../code/circuits/point-20.circ.obf.48/2.input
1819255683	../code/circuits/point-20.circ.obf.48/2.one
1819255675	../code/circuits/point-20.circ.obf.48/2.zero
5	../code/circuits/point-20.circ.obf.48/3.input
1819255682	../code/circuits/point-20.circ.obf.48/3.one
1819255688	../code/circuits/point-20.circ.obf.48/3.zero
5	../code/circuits/point-20.circ.obf.48/4.input
1819255688	../code/circuits/point-20.circ.obf.48/4.one
1819255685	../code/circuits/point-20.circ.obf.48/4.zero
5	../code/circuits/point-20.circ.obf.48/5.input
1819255679	../code/circuits/point-20.circ.obf.48/5.one
1819255701	../code/circuits/point-20.circ.obf.48/5.zero
5	../code/circuits/point-20.circ.obf.48/6.input
1819255697	../code/circuits/point-20.circ.obf.48/6.one
1819255660	../code/circuits/point-20.circ.obf.48/6.zero
5	../code/circuits/point-20.circ.obf.48/7.input
1819255680	../code/circuits/point-20.circ.obf.48/7.one
1819255684	../code/circuits/point-20.circ.obf.48/7.zero
5	../code/circuits/point-20.circ.obf.48/8.input
1819255659	../code/circuits/point-20.circ.obf.48/8.one
1819255677	../code/circuits/point-20.circ.obf.48/8.zero
5	../code/circuits/point-20.circ.obf.48/9.input
1819255679	../code/circuits/point-20.circ.obf.48/9.one
1819255674	../code/circuits/point-20.circ.obf.48/9.zero
5	../code/circuits/point-20.circ.obf.48/nu
3758793	../code/circuits/point-20.circ.obf.48/pzt
82693440	../code/circuits/point-20.circ.obf.48/s_enc
5	../code/circuits/point-20.circ.obf.48/size
82693439	../code/circuits/point-20.circ.obf.48/t_enc
3758793	../code/circuits/point-20.circ.obf.48/x0
