* Using CLT13 prime generation
Generating MLM parameters...
  Security Parameter: 48
  Kappa: 14
  Alpha: 48
  Beta: 48
  Eta: 1572
  Nu: 107
  Rho: 48
  Rho_f: 1372
  N: 8779
  Number of Zs: 14
  Size: 14
  Seed: 5488659105303150804
  Generating p_i's and g_i's: 48.227213
  Converting g_i's to python objects: 0.000074
  Generating CRT coefficients: 22.456416
  Generating z_i's: 14.031855
  Generating pzt: 38.389860
  Saving to file: 0.003110
Took: 123.112897
Constructing 48 BPs...
Took: 0.502552
Randomizing BPs...
Took: 7.062593
Constructing bookend vectors...
  Computing bookend vectors: 0.109264
  Encoding 14 elements: 11.683289
  Saving to file: 0.017841
  Encoding 14 elements: 11.823064
  Saving to file: 0.018012
Took: 23.662132
Obfuscating layer...
  Encoding 392 elements: 432.543192
  Saving to file: 0.511041
Took: 433.133293
Obfuscating layer...
  Encoding 392 elements: 430.939859
  Saving to file: 0.500259
Took: 431.524667
Obfuscating layer...
  Encoding 392 elements: 449.117682
  Saving to file: 0.543281
Took: 449.751748
Obfuscating layer...
  Encoding 392 elements: 426.762630
  Saving to file: 0.498844
Took: 427.354184
Obfuscating layer...
  Encoding 392 elements: 442.484870
  Saving to file: 0.550216
Took: 443.141020
Obfuscating layer...
  Encoding 392 elements: 429.483444
  Saving to file: 0.491941
Took: 430.086895
Obfuscating layer...
  Encoding 392 elements: 415.473836
  Saving to file: 0.517883
Took: 416.102091
Obfuscating layer...
  Encoding 392 elements: 417.646158
  Saving to file: 0.543007
Took: 418.302386
Obfuscating layer...
  Encoding 392 elements: 405.098112
  Saving to file: 0.514361
Took: 405.716086
Obfuscating layer...
  Encoding 392 elements: 435.736531
  Saving to file: 0.506518
Took: 436.358939
Obfuscating layer...
  Encoding 392 elements: 405.834699
  Saving to file: 0.511553
Took: 406.458216
Obfuscating layer...
  Encoding 392 elements: 408.487932
  Saving to file: 0.541554
Took: 409.143172
Obfuscation took: 5261.415093
Max memory usage: 16923680
Obfuscation took: 5261.462925 seconds
