* Using CLT13 prime generation
Generating MLM parameters...
  Security Parameter: 48
  Kappa: 10
  Alpha: 48
  Beta: 48
  Eta: 1180
  Nu: 107
  Rho: 48
  Rho_f: 980
  N: 6590
  Number of Zs: 10
  Size: 10
  Seed: 7399070240746668679
  Generating p_i's and g_i's: 15.663294
  Converting g_i's to python objects: 0.000074
  Generating CRT coefficients: 8.932608
  Generating z_i's: 6.709174
  Generating pzt: 13.161368
  Saving to file: 0.002271
Took: 44.472736
Constructing 48 BPs...
Took: 0.273651
Randomizing BPs...
Took: 2.118945
Constructing bookend vectors...
  Computing bookend vectors: 0.098766
  Encoding 10 elements: 4.711644
  Saving to file: 0.008676
  Encoding 10 elements: 4.683337
  Saving to file: 0.007073
Took: 9.513671
Obfuscating layer...
  Encoding 200 elements: 72.619249
  Saving to file: 0.142119
Took: 72.795332
Obfuscating layer...
  Encoding 200 elements: 69.710685
  Saving to file: 0.138535
Took: 69.890058
Obfuscating layer...
  Encoding 200 elements: 70.081758
  Saving to file: 0.144084
Took: 70.262004
Obfuscating layer...
  Encoding 200 elements: 73.978077
  Saving to file: 0.138645
Took: 74.161718
Obfuscating layer...
  Encoding 200 elements: 74.329557
  Saving to file: 0.143693
Took: 74.517827
Obfuscating layer...
  Encoding 200 elements: 70.531073
  Saving to file: 0.146023
Took: 70.716046
Obfuscating layer...
  Encoding 200 elements: 70.666995
  Saving to file: 0.140098
Took: 70.850281
Obfuscating layer...
  Encoding 200 elements: 70.942204
  Saving to file: 0.140779
Took: 71.122832
Obfuscation took: 630.697221
Max memory usage: 7174016
Obfuscation took: 630.722578 seconds
