4	../code/circuits/point-8.circ.obf.52/0.input
115874499	../code/circuits/point-8.circ.obf.52/0.one
115874499	../code/circuits/point-8.circ.obf.52/0.zero
5	../code/circuits/point-8.circ.obf.52/1.input
115874497	../code/circuits/point-8.circ.obf.52/1.one
115874499	../code/circuits/point-8.circ.obf.52/1.zero
5	../code/circuits/point-8.circ.obf.52/2.input
115874499	../code/circuits/point-8.circ.obf.52/2.one
115874499	../code/circuits/point-8.circ.obf.52/2.zero
5	../code/circuits/point-8.circ.obf.52/3.input
115874500	../code/circuits/point-8.circ.obf.52/3.one
115874500	../code/circuits/point-8.circ.obf.52/3.zero
5	../code/circuits/point-8.circ.obf.52/4.input
115874500	../code/circuits/point-8.circ.obf.52/4.one
115874500	../code/circuits/point-8.circ.obf.52/4.zero
5	../code/circuits/point-8.circ.obf.52/5.input
115874500	../code/circuits/point-8.circ.obf.52/5.one
115874500	../code/circuits/point-8.circ.obf.52/5.zero
5	../code/circuits/point-8.circ.obf.52/6.input
115874497	../code/circuits/point-8.circ.obf.52/6.one
115874499	../code/circuits/point-8.circ.obf.52/6.zero
5	../code/circuits/point-8.circ.obf.52/7.input
115874498	../code/circuits/point-8.circ.obf.52/7.one
115874498	../code/circuits/point-8.circ.obf.52/7.zero
5	../code/circuits/point-8.circ.obf.52/nu
1158745	../code/circuits/point-8.circ.obf.52/pzt
11587450	../code/circuits/point-8.circ.obf.52/s_enc
5	../code/circuits/point-8.circ.obf.52/size
11587450	../code/circuits/point-8.circ.obf.52/t_enc
1158745	../code/circuits/point-8.circ.obf.52/x0
