4	../code/circuits/point-12.circ.obf.52/0.input
403247460	../code/circuits/point-12.circ.obf.52/0.one
403247458	../code/circuits/point-12.circ.obf.52/0.zero
5	../code/circuits/point-12.circ.obf.52/10.input
403247458	../code/circuits/point-12.circ.obf.52/10.one
403247459	../code/circuits/point-12.circ.obf.52/10.zero
5	../code/circuits/point-12.circ.obf.52/11.input
403247458	../code/circuits/point-12.circ.obf.52/11.one
403247459	../code/circuits/point-12.circ.obf.52/11.zero
5	../code/circuits/point-12.circ.obf.52/1.input
403247460	../code/circuits/point-12.circ.obf.52/1.one
403247457	../code/circuits/point-12.circ.obf.52/1.zero
5	../code/circuits/point-12.circ.obf.52/2.input
403247459	../code/circuits/point-12.circ.obf.52/2.one
403247459	../code/circuits/point-12.circ.obf.52/2.zero
5	../code/circuits/point-12.circ.obf.52/3.input
403247459	../code/circuits/point-12.circ.obf.52/3.one
403247459	../code/circuits/point-12.circ.obf.52/3.zero
5	../code/circuits/point-12.circ.obf.52/4.input
403247459	../code/circuits/point-12.circ.obf.52/4.one
403247456	../code/circuits/point-12.circ.obf.52/4.zero
5	../code/circuits/point-12.circ.obf.52/5.input
403247460	../code/circuits/point-12.circ.obf.52/5.one
403247459	../code/circuits/point-12.circ.obf.52/5.zero
5	../code/circuits/point-12.circ.obf.52/6.input
403247459	../code/circuits/point-12.circ.obf.52/6.one
403247459	../code/circuits/point-12.circ.obf.52/6.zero
5	../code/circuits/point-12.circ.obf.52/7.input
403247460	../code/circuits/point-12.circ.obf.52/7.one
403247459	../code/circuits/point-12.circ.obf.52/7.zero
5	../code/circuits/point-12.circ.obf.52/8.input
403247459	../code/circuits/point-12.circ.obf.52/8.one
403247459	../code/circuits/point-12.circ.obf.52/8.zero
5	../code/circuits/point-12.circ.obf.52/9.input
403247457	../code/circuits/point-12.circ.obf.52/9.one
403247460	../code/circuits/point-12.circ.obf.52/9.zero
5	../code/circuits/point-12.circ.obf.52/nu
2057385	../code/circuits/point-12.circ.obf.52/pzt
28803390	../code/circuits/point-12.circ.obf.52/s_enc
5	../code/circuits/point-12.circ.obf.52/size
28803390	../code/circuits/point-12.circ.obf.52/t_enc
2057385	../code/circuits/point-12.circ.obf.52/x0
