Generating MLM parameters...
  Security Parameter: 52
  Kappa: 14
  Alpha: 52
  Beta: 52
  Eta: 1700
  Nu: 115
  Rho: 52
  Rho_f: 1484
  N: 9690
  Number of Zs: 14
  Size: 14
  Seed: 9320580182936214585
  Generating p_i's and g_i's: 260.611328
  Converting g_i's to python objects: 0.001376
  Generating CRT coefficients: 32.317941
  Generating z_i's: 17.827964
  Generating pzt: 53.231879
  Saving to file: 0.003564
Took: 364.000063
Constructing 52 BPs...
Took: 0.541044
Randomizing BPs...
Took: 7.529902
Constructing bookend vectors...
  Computing bookend vectors: 0.118298
  Encoding 14 elements: 20.092625
  Saving to file: 0.021635
  Encoding 14 elements: 18.572822
  Saving to file: 0.022432
Took: 38.841257
Obfuscating layer...
  Encoding 392 elements: 564.243519
  Saving to file: 0.600079
Took: 564.955150
Obfuscating layer...
  Encoding 392 elements: 602.243200
  Saving to file: 0.616837
Took: 602.968906
Obfuscating layer...
  Encoding 392 elements: 627.263229
  Saving to file: 0.645875
Took: 628.026475
Obfuscating layer...
  Encoding 392 elements: 592.586093
  Saving to file: 0.607810
Took: 593.329035
Obfuscating layer...
  Encoding 392 elements: 601.241366
  Saving to file: 0.619721
Took: 602.009391
Obfuscating layer...
  Encoding 392 elements: 567.520158
  Saving to file: 0.625067
Took: 568.293490
Obfuscating layer...
  Encoding 392 elements: 625.640088
  Saving to file: 0.652547
Took: 626.452314
Obfuscating layer...
  Encoding 392 elements: 661.864715
  Saving to file: 0.650091
Took: 662.673212
Obfuscating layer...
  Encoding 392 elements: 602.081036
  Saving to file: 0.626956
Took: 602.875646
Obfuscating layer...
  Encoding 392 elements: 656.454296
  Saving to file: 0.645624
Took: 657.268003
Obfuscating layer...
  Encoding 392 elements: 653.055854
  Saving to file: 0.652798
Took: 653.871581
Obfuscating layer...
  Encoding 392 elements: 602.467784
  Saving to file: 0.634526
Took: 603.261845
Obfuscation took: 7776.903331
Max memory usage: 22521608
Obfuscation took: 7776.962244 seconds
