4	../code/circuits/point-16.circ.obf.52/0.input
1040764128	../code/circuits/point-16.circ.obf.52/0.one
1040764117	../code/circuits/point-16.circ.obf.52/0.zero
5	../code/circuits/point-16.circ.obf.52/10.input
1040764128	../code/circuits/point-16.circ.obf.52/10.one
1040764123	../code/circuits/point-16.circ.obf.52/10.zero
5	../code/circuits/point-16.circ.obf.52/11.input
1040764123	../code/circuits/point-16.circ.obf.52/11.one
1040764115	../code/circuits/point-16.circ.obf.52/11.zero
5	../code/circuits/point-16.circ.obf.52/12.input
1040764116	../code/circuits/point-16.circ.obf.52/12.one
1040764121	../code/circuits/point-16.circ.obf.52/12.zero
5	../code/circuits/point-16.circ.obf.52/13.input
1040764130	../code/circuits/point-16.circ.obf.52/13.one
1040764121	../code/circuits/point-16.circ.obf.52/13.zero
5	../code/circuits/point-16.circ.obf.52/14.input
1040764125	../code/circuits/point-16.circ.obf.52/14.one
1040764125	../code/circuits/point-16.circ.obf.52/14.zero
5	../code/circuits/point-16.circ.obf.52/15.input
1040764127	../code/circuits/point-16.circ.obf.52/15.one
1040764124	../code/circuits/point-16.circ.obf.52/15.zero
5	../code/circuits/point-16.circ.obf.52/1.input
1040764116	../code/circuits/point-16.circ.obf.52/1.one
1040764119	../code/circuits/point-16.circ.obf.52/1.zero
5	../code/circuits/point-16.circ.obf.52/2.input
1040764119	../code/circuits/point-16.circ.obf.52/2.one
1040764121	../code/circuits/point-16.circ.obf.52/2.zero
5	../code/circuits/point-16.circ.obf.52/3.input
1040764121	../code/circuits/point-16.circ.obf.52/3.one
1040764123	../code/circuits/point-16.circ.obf.52/3.zero
5	../code/circuits/point-16.circ.obf.52/4.input
1040764126	../code/circuits/point-16.circ.obf.52/4.one
1040764124	../code/circuits/point-16.circ.obf.52/4.zero
5	../code/circuits/point-16.circ.obf.52/5.input
1040764122	../code/circuits/point-16.circ.obf.52/5.one
1040764124	../code/circuits/point-16.circ.obf.52/5.zero
5	../code/circuits/point-16.circ.obf.52/6.input
1040764117	../code/circuits/point-16.circ.obf.52/6.one
1040764122	../code/circuits/point-16.circ.obf.52/6.zero
5	../code/circuits/point-16.circ.obf.52/7.input
1040764124	../code/circuits/point-16.circ.obf.52/7.one
1040764121	../code/circuits/point-16.circ.obf.52/7.zero
5	../code/circuits/point-16.circ.obf.52/8.input
1040764126	../code/circuits/point-16.circ.obf.52/8.one
1040764126	../code/circuits/point-16.circ.obf.52/8.zero
5	../code/circuits/point-16.circ.obf.52/9.input
1040764119	../code/circuits/point-16.circ.obf.52/9.one
1040764120	../code/circuits/point-16.circ.obf.52/9.zero
5	../code/circuits/point-16.circ.obf.52/nu
3212235	../code/circuits/point-16.circ.obf.52/pzt
57820230	../code/circuits/point-16.circ.obf.52/s_enc
5	../code/circuits/point-16.circ.obf.52/size
57820228	../code/circuits/point-16.circ.obf.52/t_enc
3212235	../code/circuits/point-16.circ.obf.52/x0
