* Using CLT13 prime generation
Generating MLM parameters...
  Security Parameter: 152
  Kappa: 4
  Alpha: 152
  Beta: 152
  Eta: 1840
  Nu: 315
  Rho: 152
  Rho_f: 1224
  N: 13336
  Number of Zs: 4
  Size: 4
  Seed: 4029391707581610999
  Generating p_i's and g_i's: 157.964041
  Converting g_i's to python objects: 0.000619
  Generating CRT coefficients: 65.212899
  Generating z_i's: 30.012459
  Generating pzt: 202.528391
  Saving to file: 0.005682
Took: 455.730697
Constructing 152 BPs...
Took: 0.096038
Randomizing BPs...
Took: 11.314139
Constructing bookend vectors...
  Computing bookend vectors: 0.257309
  Encoding 4 elements: 60.220015
  Saving to file: 0.010033
  Encoding 4 elements: 60.445290
  Saving to file: 0.010038
Took: 120.945978
Obfuscating layer...
  Encoding 32 elements: 200.777164
  Saving to file: 0.075121
Took: 200.871742
Obfuscating layer...
  Encoding 32 elements: 123.555540
  Saving to file: 0.074883
Took: 123.648845
Obfuscation took: 912.608244
Max memory usage: 41723820
Obfuscation took: 912.616553 seconds
