Generating MLM parameters...
  Security Parameter: 136
  Kappa: 4
  Alpha: 136
  Beta: 136
  Eta: 1648
  Nu: 283
  Rho: 136
  Rho_f: 1096
  N: 11680
  Number of Zs: 4
  Size: 4
  Seed: 9928771850862111508
  Generating p_i's and g_i's: 280.395302
  Converting g_i's to python objects: 0.000610
  Generating CRT coefficients: 43.739693
  Generating z_i's: 22.664712
  Generating pzt: 54.421050
  Saving to file: 0.004072
Took: 401.231311
Constructing 136 BPs...
Took: 0.085183
Randomizing BPs...
Took: 7.749466
Constructing bookend vectors...
  Computing bookend vectors: 0.231558
  Encoding 4 elements: 42.128923
  Saving to file: 0.008743
  Encoding 4 elements: 42.298506
  Saving to file: 0.008225
Took: 84.681082
Obfuscating layer...
  Encoding 32 elements: 128.745218
  Saving to file: 0.060257
Took: 128.832839
Obfuscating layer...
  Encoding 32 elements: 114.564668
  Saving to file: 0.059520
Took: 114.656085
Obfuscation took: 737.236813
Max memory usage: 29355732
Obfuscation took: 737.245237 seconds
