* Using CLT13 prime generation
Generating MLM parameters...
  Security Parameter: 128
  Kappa: 4
  Alpha: 128
  Beta: 128
  Eta: 1552
  Nu: 267
  Rho: 128
  Rho_f: 1032
  N: 10864
  Number of Zs: 4
  Size: 4
  Seed: 13346473444021497893
  Generating p_i's and g_i's: 74.883452
  Converting g_i's to python objects: 0.000272
  Generating CRT coefficients: 33.295281
  Generating z_i's: 17.770753
  Generating pzt: 40.982664
  Saving to file: 0.003045
Took: 166.940493
Constructing 128 BPs...
Took: 0.080835
Randomizing BPs...
Took: 6.272256
Constructing bookend vectors...
  Computing bookend vectors: 0.217208
  Encoding 4 elements: 28.176146
  Saving to file: 0.007079
  Encoding 4 elements: 28.104827
  Saving to file: 0.006803
Took: 56.515254
Obfuscating layer...
  Encoding 32 elements: 57.219958
  Saving to file: 0.049172
Took: 57.286014
Obfuscating layer...
  Encoding 32 elements: 62.226274
  Saving to file: 0.049966
Took: 62.294422
Obfuscation took: 349.390120
Max memory usage: 23708220
Obfuscation took: 349.398601 seconds
