* Using CLT13 prime generation
Generating MLM parameters...
  Security Parameter: 40
  Kappa: 4
  Alpha: 40
  Beta: 40
  Eta: 496
  Nu: 91
  Rho: 40
  Rho_f: 328
  N: 2639
  Number of Zs: 4
  Size: 4
  Seed: 13297970460201230733
  Generating p_i's and g_i's: 0.629404
  Converting g_i's to python objects: 0.000051
  Generating CRT coefficients: 1.226483
  Generating z_i's: 0.646269
  Generating pzt: 0.654900
  Saving to file: 0.000773
Took: 3.161594
Constructing 40 BPs...
Took: 0.026009
Randomizing BPs...
Took: 0.180338
Constructing bookend vectors...
  Computing bookend vectors: 0.070704
  Encoding 4 elements: 0.340219
  Saving to file: 0.000823
  Encoding 4 elements: 0.338591
  Saving to file: 0.000783
Took: 0.752141
Obfuscating layer...
  Encoding 32 elements: 0.610644
  Saving to file: 0.004697
Took: 0.618762
Obfuscating layer...
  Encoding 32 elements: 0.579870
  Saving to file: 0.004894
Took: 0.588061
Obfuscation took: 5.327554
Max memory usage: 650528
Obfuscation took: 5.331323 seconds
