Generating MLM parameters...
  Security Parameter: 72
  Kappa: 4
  Alpha: 72
  Beta: 72
  Eta: 880
  Nu: 155
  Rho: 72
  Rho_f: 584
  N: 5429
  Number of Zs: 4
  Size: 4
  Seed: 13436137468717262368
  Generating p_i's and g_i's: 14.349886
  Converting g_i's to python objects: 0.000221
  Generating CRT coefficients: 5.145989
  Generating z_i's: 3.871120
  Generating pzt: 4.560591
  Saving to file: 0.001982
Took: 27.934039
Constructing 72 BPs...
Took: 0.046548
Randomizing BPs...
Took: 1.006357
Constructing bookend vectors...
  Computing bookend vectors: 0.175382
  Encoding 4 elements: 3.357908
  Saving to file: 0.002842
  Encoding 4 elements: 3.331878
  Saving to file: 0.002526
Took: 6.872205
Obfuscating layer...
  Encoding 32 elements: 5.717857
  Saving to file: 0.015127
Took: 5.741756
Obfuscating layer...
  Encoding 32 elements: 5.694175
  Saving to file: 0.015832
Took: 5.718640
Obfuscation took: 47.320197
Max memory usage: 3774348
Obfuscation took: 47.325487 seconds
