Generating MLM parameters...
  Security Parameter: 104
  Kappa: 4
  Alpha: 104
  Beta: 104
  Eta: 1264
  Nu: 219
  Rho: 104
  Rho_f: 840
  N: 8469
  Number of Zs: 4
  Size: 4
  Seed: 3466361079518959545
  Generating p_i's and g_i's: 77.005659
  Converting g_i's to python objects: 0.001495
  Generating CRT coefficients: 16.505566
  Generating z_i's: 10.916131
  Generating pzt: 18.613263
  Saving to file: 0.002353
Took: 123.049660
Constructing 104 BPs...
Took: 0.065015
Randomizing BPs...
Took: 3.667274
Constructing bookend vectors...
  Computing bookend vectors: 0.174796
  Encoding 4 elements: 14.173382
  Saving to file: 0.004482
  Encoding 4 elements: 14.134530
  Saving to file: 0.004535
Took: 28.494776
Obfuscating layer...
  Encoding 32 elements: 28.359819
  Saving to file: 0.032036
Took: 28.406199
Obfuscating layer...
  Encoding 32 elements: 28.624697
  Saving to file: 0.032832
Took: 28.672082
Obfuscation took: 212.355590
Max memory usage: 12130900
Obfuscation took: 212.362694 seconds
