* Using CLT13 prime generation
Generating MLM parameters...
  Security Parameter: 32
  Kappa: 4
  Alpha: 32
  Beta: 32
  Eta: 400
  Nu: 75
  Rho: 32
  Rho_f: 264
  N: 2000
  Number of Zs: 4
  Size: 4
  Seed: 10945291132523415315
  Generating p_i's and g_i's: 0.231850
  Converting g_i's to python objects: 0.000039
  Generating CRT coefficients: 0.777127
  Generating z_i's: 0.326400
  Generating pzt: 0.339225
  Saving to file: 0.000675
Took: 1.678348
Constructing 32 BPs...
Took: 0.021142
Randomizing BPs...
Took: 0.138961
Constructing bookend vectors...
  Computing bookend vectors: 0.055452
  Encoding 4 elements: 0.115907
  Saving to file: 0.000544
  Encoding 4 elements: 0.116037
  Saving to file: 0.000537
Took: 0.289392
Obfuscating layer...
  Encoding 32 elements: 0.235320
  Saving to file: 0.003364
Took: 0.241184
Obfuscating layer...
  Encoding 32 elements: 0.232842
  Saving to file: 0.003282
Took: 0.238366
Obfuscation took: 2.607965
Max memory usage: 364912
Obfuscation took: 2.614389 seconds
