* Using CLT13 prime generation
Generating MLM parameters...
  Security Parameter: 112
  Kappa: 4
  Alpha: 112
  Beta: 112
  Eta: 1360
  Nu: 235
  Rho: 112
  Rho_f: 904
  N: 9258
  Number of Zs: 4
  Size: 4
  Seed: 16635607979152580498
  Generating p_i's and g_i's: 42.102859
  Converting g_i's to python objects: 0.006648
  Generating CRT coefficients: 20.397186
  Generating z_i's: 12.898126
  Generating pzt: 24.497311
  Saving to file: 0.002649
Took: 99.909559
Constructing 112 BPs...
Took: 0.070472
Randomizing BPs...
Took: 4.877623
Constructing bookend vectors...
  Computing bookend vectors: 0.188065
  Encoding 4 elements: 17.884141
  Saving to file: 0.005478
  Encoding 4 elements: 17.908817
  Saving to file: 0.005323
Took: 35.994672
Obfuscating layer...
  Encoding 32 elements: 36.531140
  Saving to file: 0.037586
Took: 36.583099
Obfuscating layer...
  Encoding 32 elements: 35.790219
  Saving to file: 0.037356
Took: 35.842957
Obfuscation took: 213.279604
Max memory usage: 15341044
Obfuscation took: 213.293383 seconds
