* Using CLT13 prime generation
Generating MLM parameters...
  Security Parameter: 56
  Kappa: 4
  Alpha: 56
  Beta: 56
  Eta: 688
  Nu: 123
  Rho: 56
  Rho_f: 456
  N: 3995
  Number of Zs: 4
  Size: 4
  Seed: 1417777085497641881
  Generating p_i's and g_i's: 2.368560
  Converting g_i's to python objects: 0.000091
  Generating CRT coefficients: 2.600484
  Generating z_i's: 1.769264
  Generating pzt: 1.850778
  Saving to file: 0.002330
Took: 8.602231
Constructing 56 BPs...
Took: 0.043983
Randomizing BPs...
Took: 0.276970
Constructing bookend vectors...
  Computing bookend vectors: 0.098228
  Encoding 4 elements: 0.214415
  Saving to file: 0.001642
  Encoding 4 elements: 0.206205
  Saving to file: 0.001561
Took: 0.523337
Obfuscating layer...
  Encoding 32 elements: 0.417690
  Saving to file: 0.009025
Took: 0.431799
Obfuscating layer...
  Encoding 32 elements: 0.375060
  Saving to file: 0.009022
Took: 0.389150
Obfuscation took: 10.268081
Max memory usage: 1685600
Encoding a single element takes: 0.000787
Obfuscation took: 10.272182 seconds
