* Using CLT13 prime generation
Generating MLM parameters...
  Security Parameter: 64
  Kappa: 4
  Alpha: 64
  Beta: 64
  Eta: 784
  Nu: 139
  Rho: 64
  Rho_f: 520
  N: 4704
  Number of Zs: 4
  Size: 4
  Seed: 14626562807326357155
  Generating p_i's and g_i's: 4.098064
  Converting g_i's to python objects: 0.000105
  Generating CRT coefficients: 3.525883
  Generating z_i's: 2.578669
  Generating pzt: 6.033461
  Saving to file: 0.001533
Took: 16.241787
Constructing 64 BPs...
Took: 0.043684
Randomizing BPs...
Took: 0.329486
Constructing bookend vectors...
  Computing bookend vectors: 0.113757
  Encoding 4 elements: 1.660317
  Saving to file: 0.002013
  Encoding 4 elements: 1.665737
  Saving to file: 0.002089
Took: 3.445080
Obfuscating layer...
  Encoding 32 elements: 2.989383
  Saving to file: 0.011874
Took: 3.009383
Obfuscating layer...
  Encoding 32 elements: 3.085424
  Saving to file: 0.010908
Took: 3.104251
Obfuscation took: 26.174558
Max memory usage: 2518328
Obfuscation took: 26.179523 seconds
