* Using CLT13 prime generation
Generating MLM parameters...
  Security Parameter: 160
  Kappa: 4
  Alpha: 160
  Beta: 160
  Eta: 1936
  Nu: 331
  Rho: 160
  Rho_f: 1288
  N: 14175
  Number of Zs: 4
  Size: 4
  Seed: 17073847681028513156
  Generating p_i's and g_i's: 709.448432
  Converting g_i's to python objects: 0.000979
  Generating CRT coefficients: 117.269945
  Generating z_i's: 33.099797
  Generating pzt: 272.268491
  Saving to file: 0.005240
Took: 1132.099184
Constructing 160 BPs...
Took: 0.100240
Randomizing BPs...
Took: 11.823134
Constructing bookend vectors...
  Computing bookend vectors: 0.269371
  Encoding 4 elements: 71.206694
  Saving to file: 0.011727
  Encoding 4 elements: 72.131967
  Saving to file: 0.010932
Took: 143.635405
Obfuscating layer...
  Encoding 32 elements: 174.207651
  Saving to file: 0.078152
Took: 174.312990
Obfuscating layer...
  Encoding 32 elements: 146.412202
  Saving to file: 0.079278
Took: 146.520004
Obfuscation took: 1608.493897
Max memory usage: 49694580
Obfuscation took: 1608.504223 seconds
