* Using CLT13 prime generation
Generating MLM parameters...
  Security Parameter: 120
  Kappa: 4
  Alpha: 120
  Beta: 120
  Eta: 1456
  Nu: 251
  Rho: 120
  Rho_f: 968
  N: 10056
  Number of Zs: 4
  Size: 4
  Seed: 7483322595829864063
  Generating p_i's and g_i's: 56.927728
  Converting g_i's to python objects: 0.000362
  Generating CRT coefficients: 27.020727
  Generating z_i's: 14.956870
  Generating pzt: 31.997315
  Saving to file: 0.002647
Took: 130.910583
Constructing 120 BPs...
Took: 0.075180
Randomizing BPs...
Took: 5.444161
Constructing bookend vectors...
  Computing bookend vectors: 0.204870
  Encoding 4 elements: 22.394642
  Saving to file: 0.005359
  Encoding 4 elements: 22.554826
  Saving to file: 0.006733
Took: 45.168955
Obfuscating layer...
  Encoding 32 elements: 46.453931
  Saving to file: 0.043543
Took: 46.512560
Obfuscating layer...
  Encoding 32 elements: 47.306700
  Saving to file: 0.042821
Took: 47.366104
Obfuscation took: 275.478207
Max memory usage: 19067624
Obfuscation took: 275.486096 seconds
