* Using CLT13 prime generation
Generating MLM parameters...
  Security Parameter: 48
  Kappa: 4
  Alpha: 48
  Beta: 48
  Eta: 592
  Nu: 107
  Rho: 48
  Rho_f: 392
  N: 3306
  Number of Zs: 4
  Size: 4
  Seed: 9135247798895113521
  Generating p_i's and g_i's: 1.307606
  Converting g_i's to python objects: 0.000073
  Generating CRT coefficients: 1.887496
  Generating z_i's: 1.097770
  Generating pzt: 1.075191
  Saving to file: 0.000948
Took: 5.372916
Constructing 48 BPs...
Took: 0.031230
Randomizing BPs...
Took: 0.215591
Constructing bookend vectors...
  Computing bookend vectors: 0.084545
  Encoding 4 elements: 0.641077
  Saving to file: 0.000753
  Encoding 4 elements: 0.621998
  Saving to file: 0.001202
Took: 1.350745
Obfuscating layer...
  Encoding 32 elements: 1.226019
  Saving to file: 0.006428
Took: 1.236759
Obfuscating layer...
  Encoding 32 elements: 1.108831
  Saving to file: 0.006428
Took: 1.119680
Obfuscation took: 9.327539
Max memory usage: 1040028
Obfuscation took: 9.333309 seconds
