* Using CLT13 prime generation
Generating MLM parameters...
  Security Parameter: 80
  Kappa: 4
  Alpha: 80
  Beta: 80
  Eta: 976
  Nu: 171
  Rho: 80
  Rho_f: 648
  N: 6170
  Number of Zs: 4
  Size: 4
  Seed: 17759814811848392669
  Generating p_i's and g_i's: 10.137927
  Converting g_i's to python objects: 0.000124
  Generating CRT coefficients: 6.866272
  Generating z_i's: 4.969577
  Generating pzt: 6.591275
  Saving to file: 0.001968
Took: 28.570934
Constructing 80 BPs...
Took: 0.052384
Randomizing BPs...
Took: 1.655803
Constructing bookend vectors...
  Computing bookend vectors: 0.135292
  Encoding 4 elements: 4.629626
  Saving to file: 0.003228
  Encoding 4 elements: 4.780210
  Saving to file: 0.002199
Took: 9.551568
Obfuscating layer...
  Encoding 32 elements: 8.023594
  Saving to file: 0.018405
Took: 8.049967
Obfuscating layer...
  Encoding 32 elements: 8.549241
  Saving to file: 0.018462
Took: 8.575758
Obfuscation took: 56.457214
Max memory usage: 5024044
Obfuscation took: 56.464609 seconds
