* Using CLT13 prime generation
Generating MLM parameters...
  Security Parameter: 96
  Kappa: 4
  Alpha: 96
  Beta: 96
  Eta: 1168
  Nu: 203
  Rho: 96
  Rho_f: 776
  N: 7691
  Number of Zs: 4
  Size: 4
  Seed: 16760574384120630464
  Generating p_i's and g_i's: 21.927409
  Converting g_i's to python objects: 0.000396
  Generating CRT coefficients: 12.374107
  Generating z_i's: 8.427602
  Generating pzt: 17.291148
  Saving to file: 0.002308
Took: 60.027175
Constructing 96 BPs...
Took: 0.060771
Randomizing BPs...
Took: 3.035508
Constructing bookend vectors...
  Computing bookend vectors: 0.160605
  Encoding 4 elements: 0.922262
  Saving to file: 0.003575
  Encoding 4 elements: 0.877372
  Saving to file: 0.004317
Took: 1.971819
Obfuscating layer...
  Encoding 32 elements: 1.665378
  Saving to file: 0.027337
Took: 1.705135
Obfuscating layer...
  Encoding 32 elements: 1.603451
  Saving to file: 0.027770
Took: 1.643535
Obfuscation took: 68.444524
Max memory usage: 9224008
Encoding a single element takes: 0.001070
Obfuscation took: 68.450453 seconds
