4	../code/circuits/point-8.circ.obf.10/0.a0_enc
4	../code/circuits/point-8.circ.obf.10/0.a1_enc
4	../code/circuits/point-8.circ.obf.10/0.input
36	../code/circuits/point-8.circ.obf.10/0.one
36	../code/circuits/point-8.circ.obf.10/0.zero
4	../code/circuits/point-8.circ.obf.10/10.a0_enc
4	../code/circuits/point-8.circ.obf.10/10.a1_enc
4	../code/circuits/point-8.circ.obf.10/10.input
36	../code/circuits/point-8.circ.obf.10/10.one
36	../code/circuits/point-8.circ.obf.10/10.zero
4	../code/circuits/point-8.circ.obf.10/11.a0_enc
4	../code/circuits/point-8.circ.obf.10/11.a1_enc
5	../code/circuits/point-8.circ.obf.10/11.input
36	../code/circuits/point-8.circ.obf.10/11.one
36	../code/circuits/point-8.circ.obf.10/11.zero
4	../code/circuits/point-8.circ.obf.10/12.a0_enc
4	../code/circuits/point-8.circ.obf.10/12.a1_enc
5	../code/circuits/point-8.circ.obf.10/12.input
36	../code/circuits/point-8.circ.obf.10/12.one
36	../code/circuits/point-8.circ.obf.10/12.zero
4	../code/circuits/point-8.circ.obf.10/13.a0_enc
4	../code/circuits/point-8.circ.obf.10/13.a1_enc
5	../code/circuits/point-8.circ.obf.10/13.input
36	../code/circuits/point-8.circ.obf.10/13.one
36	../code/circuits/point-8.circ.obf.10/13.zero
4	../code/circuits/point-8.circ.obf.10/14.a0_enc
4	../code/circuits/point-8.circ.obf.10/14.a1_enc
5	../code/circuits/point-8.circ.obf.10/14.input
36	../code/circuits/point-8.circ.obf.10/14.one
36	../code/circuits/point-8.circ.obf.10/14.zero
4	../code/circuits/point-8.circ.obf.10/15.a0_enc
4	../code/circuits/point-8.circ.obf.10/15.a1_enc
5	../code/circuits/point-8.circ.obf.10/15.input
36	../code/circuits/point-8.circ.obf.10/15.one
36	../code/circuits/point-8.circ.obf.10/15.zero
4	../code/circuits/point-8.circ.obf.10/16.a0_enc
4	../code/circuits/point-8.circ.obf.10/16.a1_enc
5	../code/circuits/point-8.circ.obf.10/16.input
36	../code/circuits/point-8.circ.obf.10/16.one
36	../code/circuits/point-8.circ.obf.10/16.zero
4	../code/circuits/point-8.circ.obf.10/17.a0_enc
4	../code/circuits/point-8.circ.obf.10/17.a1_enc
5	../code/circuits/point-8.circ.obf.10/17.input
36	../code/circuits/point-8.circ.obf.10/17.one
36	../code/circuits/point-8.circ.obf.10/17.zero
4	../code/circuits/point-8.circ.obf.10/18.a0_enc
4	../code/circuits/point-8.circ.obf.10/18.a1_enc
5	../code/circuits/point-8.circ.obf.10/18.input
36	../code/circuits/point-8.circ.obf.10/18.one
36	../code/circuits/point-8.circ.obf.10/18.zero
4	../code/circuits/point-8.circ.obf.10/19.a0_enc
4	../code/circuits/point-8.circ.obf.10/19.a1_enc
5	../code/circuits/point-8.circ.obf.10/19.input
36	../code/circuits/point-8.circ.obf.10/19.one
36	../code/circuits/point-8.circ.obf.10/19.zero
4	../code/circuits/point-8.circ.obf.10/1.a0_enc
4	../code/circuits/point-8.circ.obf.10/1.a1_enc
5	../code/circuits/point-8.circ.obf.10/1.input
36	../code/circuits/point-8.circ.obf.10/1.one
36	../code/circuits/point-8.circ.obf.10/1.zero
4	../code/circuits/point-8.circ.obf.10/20.a0_enc
4	../code/circuits/point-8.circ.obf.10/20.a1_enc
5	../code/circuits/point-8.circ.obf.10/20.input
36	../code/circuits/point-8.circ.obf.10/20.one
36	../code/circuits/point-8.circ.obf.10/20.zero
4	../code/circuits/point-8.circ.obf.10/21.a0_enc
4	../code/circuits/point-8.circ.obf.10/21.a1_enc
5	../code/circuits/point-8.circ.obf.10/21.input
36	../code/circuits/point-8.circ.obf.10/21.one
36	../code/circuits/point-8.circ.obf.10/21.zero
4	../code/circuits/point-8.circ.obf.10/22.a0_enc
4	../code/circuits/point-8.circ.obf.10/22.a1_enc
5	../code/circuits/point-8.circ.obf.10/22.input
36	../code/circuits/point-8.circ.obf.10/22.one
36	../code/circuits/point-8.circ.obf.10/22.zero
4	../code/circuits/point-8.circ.obf.10/23.a0_enc
4	../code/circuits/point-8.circ.obf.10/23.a1_enc
5	../code/circuits/point-8.circ.obf.10/23.input
36	../code/circuits/point-8.circ.obf.10/23.one
36	../code/circuits/point-8.circ.obf.10/23.zero
4	../code/circuits/point-8.circ.obf.10/24.a0_enc
4	../code/circuits/point-8.circ.obf.10/24.a1_enc
5	../code/circuits/point-8.circ.obf.10/24.input
36	../code/circuits/point-8.circ.obf.10/24.one
36	../code/circuits/point-8.circ.obf.10/24.zero
4	../code/circuits/point-8.circ.obf.10/25.a0_enc
4	../code/circuits/point-8.circ.obf.10/25.a1_enc
5	../code/circuits/point-8.circ.obf.10/25.input
36	../code/circuits/point-8.circ.obf.10/25.one
36	../code/circuits/point-8.circ.obf.10/25.zero
4	../code/circuits/point-8.circ.obf.10/26.a0_enc
4	../code/circuits/point-8.circ.obf.10/26.a1_enc
5	../code/circuits/point-8.circ.obf.10/26.input
36	../code/circuits/point-8.circ.obf.10/26.one
36	../code/circuits/point-8.circ.obf.10/26.zero
4	../code/circuits/point-8.circ.obf.10/27.a0_enc
4	../code/circuits/point-8.circ.obf.10/27.a1_enc
5	../code/circuits/point-8.circ.obf.10/27.input
36	../code/circuits/point-8.circ.obf.10/27.one
36	../code/circuits/point-8.circ.obf.10/27.zero
4	../code/circuits/point-8.circ.obf.10/28.a0_enc
4	../code/circuits/point-8.circ.obf.10/28.a1_enc
5	../code/circuits/point-8.circ.obf.10/28.input
36	../code/circuits/point-8.circ.obf.10/28.one
36	../code/circuits/point-8.circ.obf.10/28.zero
4	../code/circuits/point-8.circ.obf.10/29.a0_enc
4	../code/circuits/point-8.circ.obf.10/29.a1_enc
5	../code/circuits/point-8.circ.obf.10/29.input
36	../code/circuits/point-8.circ.obf.10/29.one
36	../code/circuits/point-8.circ.obf.10/29.zero
4	../code/circuits/point-8.circ.obf.10/2.a0_enc
4	../code/circuits/point-8.circ.obf.10/2.a1_enc
4	../code/circuits/point-8.circ.obf.10/2.input
36	../code/circuits/point-8.circ.obf.10/2.one
36	../code/circuits/point-8.circ.obf.10/2.zero
4	../code/circuits/point-8.circ.obf.10/30.a0_enc
4	../code/circuits/point-8.circ.obf.10/30.a1_enc
5	../code/circuits/point-8.circ.obf.10/30.input
36	../code/circuits/point-8.circ.obf.10/30.one
36	../code/circuits/point-8.circ.obf.10/30.zero
4	../code/circuits/point-8.circ.obf.10/31.a0_enc
4	../code/circuits/point-8.circ.obf.10/31.a1_enc
5	../code/circuits/point-8.circ.obf.10/31.input
36	../code/circuits/point-8.circ.obf.10/31.one
36	../code/circuits/point-8.circ.obf.10/31.zero
4	../code/circuits/point-8.circ.obf.10/32.a0_enc
4	../code/circuits/point-8.circ.obf.10/32.a1_enc
4	../code/circuits/point-8.circ.obf.10/32.input
36	../code/circuits/point-8.circ.obf.10/32.one
36	../code/circuits/point-8.circ.obf.10/32.zero
4	../code/circuits/point-8.circ.obf.10/33.a0_enc
4	../code/circuits/point-8.circ.obf.10/33.a1_enc
5	../code/circuits/point-8.circ.obf.10/33.input
36	../code/circuits/point-8.circ.obf.10/33.one
36	../code/circuits/point-8.circ.obf.10/33.zero
4	../code/circuits/point-8.circ.obf.10/34.a0_enc
4	../code/circuits/point-8.circ.obf.10/34.a1_enc
4	../code/circuits/point-8.circ.obf.10/34.input
36	../code/circuits/point-8.circ.obf.10/34.one
36	../code/circuits/point-8.circ.obf.10/34.zero
4	../code/circuits/point-8.circ.obf.10/35.a0_enc
4	../code/circuits/point-8.circ.obf.10/35.a1_enc
5	../code/circuits/point-8.circ.obf.10/35.input
36	../code/circuits/point-8.circ.obf.10/35.one
36	../code/circuits/point-8.circ.obf.10/35.zero
4	../code/circuits/point-8.circ.obf.10/36.a0_enc
4	../code/circuits/point-8.circ.obf.10/36.a1_enc
5	../code/circuits/point-8.circ.obf.10/36.input
36	../code/circuits/point-8.circ.obf.10/36.one
36	../code/circuits/point-8.circ.obf.10/36.zero
4	../code/circuits/point-8.circ.obf.10/37.a0_enc
4	../code/circuits/point-8.circ.obf.10/37.a1_enc
5	../code/circuits/point-8.circ.obf.10/37.input
36	../code/circuits/point-8.circ.obf.10/37.one
36	../code/circuits/point-8.circ.obf.10/37.zero
4	../code/circuits/point-8.circ.obf.10/38.a0_enc
4	../code/circuits/point-8.circ.obf.10/38.a1_enc
5	../code/circuits/point-8.circ.obf.10/38.input
36	../code/circuits/point-8.circ.obf.10/38.one
36	../code/circuits/point-8.circ.obf.10/38.zero
4	../code/circuits/point-8.circ.obf.10/39.a0_enc
4	../code/circuits/point-8.circ.obf.10/39.a1_enc
5	../code/circuits/point-8.circ.obf.10/39.input
36	../code/circuits/point-8.circ.obf.10/39.one
36	../code/circuits/point-8.circ.obf.10/39.zero
4	../code/circuits/point-8.circ.obf.10/3.a0_enc
4	../code/circuits/point-8.circ.obf.10/3.a1_enc
5	../code/circuits/point-8.circ.obf.10/3.input
36	../code/circuits/point-8.circ.obf.10/3.one
36	../code/circuits/point-8.circ.obf.10/3.zero
4	../code/circuits/point-8.circ.obf.10/40.a0_enc
4	../code/circuits/point-8.circ.obf.10/40.a1_enc
4	../code/circuits/point-8.circ.obf.10/40.input
36	../code/circuits/point-8.circ.obf.10/40.one
36	../code/circuits/point-8.circ.obf.10/40.zero
4	../code/circuits/point-8.circ.obf.10/41.a0_enc
4	../code/circuits/point-8.circ.obf.10/41.a1_enc
5	../code/circuits/point-8.circ.obf.10/41.input
36	../code/circuits/point-8.circ.obf.10/41.one
36	../code/circuits/point-8.circ.obf.10/41.zero
4	../code/circuits/point-8.circ.obf.10/42.a0_enc
4	../code/circuits/point-8.circ.obf.10/42.a1_enc
4	../code/circuits/point-8.circ.obf.10/42.input
36	../code/circuits/point-8.circ.obf.10/42.one
36	../code/circuits/point-8.circ.obf.10/42.zero
4	../code/circuits/point-8.circ.obf.10/43.a0_enc
4	../code/circuits/point-8.circ.obf.10/43.a1_enc
5	../code/circuits/point-8.circ.obf.10/43.input
36	../code/circuits/point-8.circ.obf.10/43.one
36	../code/circuits/point-8.circ.obf.10/43.zero
4	../code/circuits/point-8.circ.obf.10/44.a0_enc
4	../code/circuits/point-8.circ.obf.10/44.a1_enc
5	../code/circuits/point-8.circ.obf.10/44.input
36	../code/circuits/point-8.circ.obf.10/44.one
36	../code/circuits/point-8.circ.obf.10/44.zero
4	../code/circuits/point-8.circ.obf.10/45.a0_enc
4	../code/circuits/point-8.circ.obf.10/45.a1_enc
5	../code/circuits/point-8.circ.obf.10/45.input
36	../code/circuits/point-8.circ.obf.10/45.one
36	../code/circuits/point-8.circ.obf.10/45.zero
4	../code/circuits/point-8.circ.obf.10/46.a0_enc
4	../code/circuits/point-8.circ.obf.10/46.a1_enc
5	../code/circuits/point-8.circ.obf.10/46.input
36	../code/circuits/point-8.circ.obf.10/46.one
36	../code/circuits/point-8.circ.obf.10/46.zero
4	../code/circuits/point-8.circ.obf.10/47.a0_enc
4	../code/circuits/point-8.circ.obf.10/47.a1_enc
5	../code/circuits/point-8.circ.obf.10/47.input
36	../code/circuits/point-8.circ.obf.10/47.one
36	../code/circuits/point-8.circ.obf.10/47.zero
4	../code/circuits/point-8.circ.obf.10/48.a0_enc
4	../code/circuits/point-8.circ.obf.10/48.a1_enc
5	../code/circuits/point-8.circ.obf.10/48.input
36	../code/circuits/point-8.circ.obf.10/48.one
36	../code/circuits/point-8.circ.obf.10/48.zero
4	../code/circuits/point-8.circ.obf.10/49.a0_enc
4	../code/circuits/point-8.circ.obf.10/49.a1_enc
5	../code/circuits/point-8.circ.obf.10/49.input
36	../code/circuits/point-8.circ.obf.10/49.one
36	../code/circuits/point-8.circ.obf.10/49.zero
4	../code/circuits/point-8.circ.obf.10/4.a0_enc
4	../code/circuits/point-8.circ.obf.10/4.a1_enc
5	../code/circuits/point-8.circ.obf.10/4.input
36	../code/circuits/point-8.circ.obf.10/4.one
36	../code/circuits/point-8.circ.obf.10/4.zero
4	../code/circuits/point-8.circ.obf.10/50.a0_enc
4	../code/circuits/point-8.circ.obf.10/50.a1_enc
5	../code/circuits/point-8.circ.obf.10/50.input
36	../code/circuits/point-8.circ.obf.10/50.one
36	../code/circuits/point-8.circ.obf.10/50.zero
4	../code/circuits/point-8.circ.obf.10/51.a0_enc
4	../code/circuits/point-8.circ.obf.10/51.a1_enc
5	../code/circuits/point-8.circ.obf.10/51.input
36	../code/circuits/point-8.circ.obf.10/51.one
36	../code/circuits/point-8.circ.obf.10/51.zero
4	../code/circuits/point-8.circ.obf.10/52.a0_enc
4	../code/circuits/point-8.circ.obf.10/52.a1_enc
5	../code/circuits/point-8.circ.obf.10/52.input
36	../code/circuits/point-8.circ.obf.10/52.one
36	../code/circuits/point-8.circ.obf.10/52.zero
4	../code/circuits/point-8.circ.obf.10/53.a0_enc
4	../code/circuits/point-8.circ.obf.10/53.a1_enc
5	../code/circuits/point-8.circ.obf.10/53.input
36	../code/circuits/point-8.circ.obf.10/53.one
36	../code/circuits/point-8.circ.obf.10/53.zero
4	../code/circuits/point-8.circ.obf.10/54.a0_enc
4	../code/circuits/point-8.circ.obf.10/54.a1_enc
5	../code/circuits/point-8.circ.obf.10/54.input
36	../code/circuits/point-8.circ.obf.10/54.one
36	../code/circuits/point-8.circ.obf.10/54.zero
4	../code/circuits/point-8.circ.obf.10/55.a0_enc
4	../code/circuits/point-8.circ.obf.10/55.a1_enc
5	../code/circuits/point-8.circ.obf.10/55.input
36	../code/circuits/point-8.circ.obf.10/55.one
36	../code/circuits/point-8.circ.obf.10/55.zero
4	../code/circuits/point-8.circ.obf.10/56.a0_enc
4	../code/circuits/point-8.circ.obf.10/56.a1_enc
5	../code/circuits/point-8.circ.obf.10/56.input
36	../code/circuits/point-8.circ.obf.10/56.one
36	../code/circuits/point-8.circ.obf.10/56.zero
4	../code/circuits/point-8.circ.obf.10/57.a0_enc
4	../code/circuits/point-8.circ.obf.10/57.a1_enc
5	../code/circuits/point-8.circ.obf.10/57.input
36	../code/circuits/point-8.circ.obf.10/57.one
36	../code/circuits/point-8.circ.obf.10/57.zero
4	../code/circuits/point-8.circ.obf.10/58.a0_enc
4	../code/circuits/point-8.circ.obf.10/58.a1_enc
5	../code/circuits/point-8.circ.obf.10/58.input
36	../code/circuits/point-8.circ.obf.10/58.one
36	../code/circuits/point-8.circ.obf.10/58.zero
4	../code/circuits/point-8.circ.obf.10/59.a0_enc
4	../code/circuits/point-8.circ.obf.10/59.a1_enc
5	../code/circuits/point-8.circ.obf.10/59.input
36	../code/circuits/point-8.circ.obf.10/59.one
36	../code/circuits/point-8.circ.obf.10/59.zero
4	../code/circuits/point-8.circ.obf.10/5.a0_enc
4	../code/circuits/point-8.circ.obf.10/5.a1_enc
5	../code/circuits/point-8.circ.obf.10/5.input
36	../code/circuits/point-8.circ.obf.10/5.one
36	../code/circuits/point-8.circ.obf.10/5.zero
4	../code/circuits/point-8.circ.obf.10/60.a0_enc
4	../code/circuits/point-8.circ.obf.10/60.a1_enc
5	../code/circuits/point-8.circ.obf.10/60.input
36	../code/circuits/point-8.circ.obf.10/60.one
36	../code/circuits/point-8.circ.obf.10/60.zero
4	../code/circuits/point-8.circ.obf.10/61.a0_enc
4	../code/circuits/point-8.circ.obf.10/61.a1_enc
5	../code/circuits/point-8.circ.obf.10/61.input
36	../code/circuits/point-8.circ.obf.10/61.one
36	../code/circuits/point-8.circ.obf.10/61.zero
4	../code/circuits/point-8.circ.obf.10/62.a0_enc
4	../code/circuits/point-8.circ.obf.10/62.a1_enc
5	../code/circuits/point-8.circ.obf.10/62.input
36	../code/circuits/point-8.circ.obf.10/62.one
36	../code/circuits/point-8.circ.obf.10/62.zero
4	../code/circuits/point-8.circ.obf.10/63.a0_enc
4	../code/circuits/point-8.circ.obf.10/63.a1_enc
5	../code/circuits/point-8.circ.obf.10/63.input
36	../code/circuits/point-8.circ.obf.10/63.one
36	../code/circuits/point-8.circ.obf.10/63.zero
4	../code/circuits/point-8.circ.obf.10/6.a0_enc
4	../code/circuits/point-8.circ.obf.10/6.a1_enc
5	../code/circuits/point-8.circ.obf.10/6.input
36	../code/circuits/point-8.circ.obf.10/6.one
36	../code/circuits/point-8.circ.obf.10/6.zero
4	../code/circuits/point-8.circ.obf.10/7.a0_enc
4	../code/circuits/point-8.circ.obf.10/7.a1_enc
5	../code/circuits/point-8.circ.obf.10/7.input
36	../code/circuits/point-8.circ.obf.10/7.one
36	../code/circuits/point-8.circ.obf.10/7.zero
4	../code/circuits/point-8.circ.obf.10/8.a0_enc
4	../code/circuits/point-8.circ.obf.10/8.a1_enc
4	../code/circuits/point-8.circ.obf.10/8.input
36	../code/circuits/point-8.circ.obf.10/8.one
36	../code/circuits/point-8.circ.obf.10/8.zero
4	../code/circuits/point-8.circ.obf.10/9.a0_enc
4	../code/circuits/point-8.circ.obf.10/9.a1_enc
5	../code/circuits/point-8.circ.obf.10/9.input
36	../code/circuits/point-8.circ.obf.10/9.one
36	../code/circuits/point-8.circ.obf.10/9.zero
5	../code/circuits/point-8.circ.obf.10/nu
4	../code/circuits/point-8.circ.obf.10/p_enc
801746	../code/circuits/point-8.circ.obf.10/pzt
12	../code/circuits/point-8.circ.obf.10/s_enc
5	../code/circuits/point-8.circ.obf.10/size
12	../code/circuits/point-8.circ.obf.10/t_enc
801746	../code/circuits/point-8.circ.obf.10/x0
