4	../code/circuits/point-8.circ.obf.10/0.input
400	../code/circuits/point-8.circ.obf.10/0.one
400	../code/circuits/point-8.circ.obf.10/0.zero
5	../code/circuits/point-8.circ.obf.10/1.input
400	../code/circuits/point-8.circ.obf.10/1.one
400	../code/circuits/point-8.circ.obf.10/1.zero
5	../code/circuits/point-8.circ.obf.10/2.input
400	../code/circuits/point-8.circ.obf.10/2.one
400	../code/circuits/point-8.circ.obf.10/2.zero
5	../code/circuits/point-8.circ.obf.10/3.input
400	../code/circuits/point-8.circ.obf.10/3.one
400	../code/circuits/point-8.circ.obf.10/3.zero
5	../code/circuits/point-8.circ.obf.10/4.input
400	../code/circuits/point-8.circ.obf.10/4.one
400	../code/circuits/point-8.circ.obf.10/4.zero
5	../code/circuits/point-8.circ.obf.10/5.input
400	../code/circuits/point-8.circ.obf.10/5.one
400	../code/circuits/point-8.circ.obf.10/5.zero
5	../code/circuits/point-8.circ.obf.10/6.input
400	../code/circuits/point-8.circ.obf.10/6.one
400	../code/circuits/point-8.circ.obf.10/6.zero
5	../code/circuits/point-8.circ.obf.10/7.input
400	../code/circuits/point-8.circ.obf.10/7.one
400	../code/circuits/point-8.circ.obf.10/7.zero
5	../code/circuits/point-8.circ.obf.10/nu
25727	../code/circuits/point-8.circ.obf.10/pzt
40	../code/circuits/point-8.circ.obf.10/s_enc
5	../code/circuits/point-8.circ.obf.10/size
40	../code/circuits/point-8.circ.obf.10/t_enc
25728	../code/circuits/point-8.circ.obf.10/x0
