4	../code/circuits/fourxors.circ.obf.8/0.input
1240248	../code/circuits/fourxors.circ.obf.8/0.one
1240250	../code/circuits/fourxors.circ.obf.8/0.zero
5	../code/circuits/fourxors.circ.obf.8/1.input
1240247	../code/circuits/fourxors.circ.obf.8/1.one
1240250	../code/circuits/fourxors.circ.obf.8/1.zero
5	../code/circuits/fourxors.circ.obf.8/2.input
1240246	../code/circuits/fourxors.circ.obf.8/2.one
1240250	../code/circuits/fourxors.circ.obf.8/2.zero
5	../code/circuits/fourxors.circ.obf.8/3.input
1240249	../code/circuits/fourxors.circ.obf.8/3.one
1240248	../code/circuits/fourxors.circ.obf.8/3.zero
5	../code/circuits/fourxors.circ.obf.8/4.input
1240249	../code/circuits/fourxors.circ.obf.8/4.one
1240248	../code/circuits/fourxors.circ.obf.8/4.zero
5	../code/circuits/fourxors.circ.obf.8/nu
10250	../code/circuits/fourxors.circ.obf.8/pzt
112750	../code/circuits/fourxors.circ.obf.8/s_enc
5	../code/circuits/fourxors.circ.obf.8/size
112750	../code/circuits/fourxors.circ.obf.8/t_enc
10250	../code/circuits/fourxors.circ.obf.8/x0
