4	../code/circuits/fourxors.circ.obf.8/0.input
12520683	../code/circuits/fourxors.circ.obf.8/0.one
12520678	../code/circuits/fourxors.circ.obf.8/0.zero
4	../code/circuits/fourxors.circ.obf.8/10.input
12520669	../code/circuits/fourxors.circ.obf.8/10.one
12520678	../code/circuits/fourxors.circ.obf.8/10.zero
5	../code/circuits/fourxors.circ.obf.8/11.input
12520676	../code/circuits/fourxors.circ.obf.8/11.one
12520675	../code/circuits/fourxors.circ.obf.8/11.zero
5	../code/circuits/fourxors.circ.obf.8/12.input
12520678	../code/circuits/fourxors.circ.obf.8/12.one
12520679	../code/circuits/fourxors.circ.obf.8/12.zero
5	../code/circuits/fourxors.circ.obf.8/13.input
12520681	../code/circuits/fourxors.circ.obf.8/13.one
12520679	../code/circuits/fourxors.circ.obf.8/13.zero
5	../code/circuits/fourxors.circ.obf.8/14.input
12520679	../code/circuits/fourxors.circ.obf.8/14.one
12520679	../code/circuits/fourxors.circ.obf.8/14.zero
4	../code/circuits/fourxors.circ.obf.8/15.input
12520678	../code/circuits/fourxors.circ.obf.8/15.one
12520677	../code/circuits/fourxors.circ.obf.8/15.zero
5	../code/circuits/fourxors.circ.obf.8/16.input
12520667	../code/circuits/fourxors.circ.obf.8/16.one
12520667	../code/circuits/fourxors.circ.obf.8/16.zero
5	../code/circuits/fourxors.circ.obf.8/17.input
12520681	../code/circuits/fourxors.circ.obf.8/17.one
12520674	../code/circuits/fourxors.circ.obf.8/17.zero
5	../code/circuits/fourxors.circ.obf.8/18.input
12520681	../code/circuits/fourxors.circ.obf.8/18.one
12520680	../code/circuits/fourxors.circ.obf.8/18.zero
5	../code/circuits/fourxors.circ.obf.8/19.input
12520683	../code/circuits/fourxors.circ.obf.8/19.one
12520678	../code/circuits/fourxors.circ.obf.8/19.zero
5	../code/circuits/fourxors.circ.obf.8/1.input
12520671	../code/circuits/fourxors.circ.obf.8/1.one
12520669	../code/circuits/fourxors.circ.obf.8/1.zero
4	../code/circuits/fourxors.circ.obf.8/20.input
12520679	../code/circuits/fourxors.circ.obf.8/20.one
12520683	../code/circuits/fourxors.circ.obf.8/20.zero
5	../code/circuits/fourxors.circ.obf.8/21.input
12520675	../code/circuits/fourxors.circ.obf.8/21.one
12520677	../code/circuits/fourxors.circ.obf.8/21.zero
5	../code/circuits/fourxors.circ.obf.8/22.input
12520677	../code/circuits/fourxors.circ.obf.8/22.one
12520681	../code/circuits/fourxors.circ.obf.8/22.zero
5	../code/circuits/fourxors.circ.obf.8/23.input
12520679	../code/circuits/fourxors.circ.obf.8/23.one
12520677	../code/circuits/fourxors.circ.obf.8/23.zero
5	../code/circuits/fourxors.circ.obf.8/24.input
12520685	../code/circuits/fourxors.circ.obf.8/24.one
12520677	../code/circuits/fourxors.circ.obf.8/24.zero
5	../code/circuits/fourxors.circ.obf.8/2.input
12520681	../code/circuits/fourxors.circ.obf.8/2.one
12520681	../code/circuits/fourxors.circ.obf.8/2.zero
5	../code/circuits/fourxors.circ.obf.8/3.input
12520690	../code/circuits/fourxors.circ.obf.8/3.one
12520674	../code/circuits/fourxors.circ.obf.8/3.zero
5	../code/circuits/fourxors.circ.obf.8/4.input
12520690	../code/circuits/fourxors.circ.obf.8/4.one
12520666	../code/circuits/fourxors.circ.obf.8/4.zero
4	../code/circuits/fourxors.circ.obf.8/5.input
12520671	../code/circuits/fourxors.circ.obf.8/5.one
12520687	../code/circuits/fourxors.circ.obf.8/5.zero
5	../code/circuits/fourxors.circ.obf.8/6.input
12520680	../code/circuits/fourxors.circ.obf.8/6.one
12520675	../code/circuits/fourxors.circ.obf.8/6.zero
5	../code/circuits/fourxors.circ.obf.8/7.input
12520673	../code/circuits/fourxors.circ.obf.8/7.one
12520680	../code/circuits/fourxors.circ.obf.8/7.zero
5	../code/circuits/fourxors.circ.obf.8/8.input
12520670	../code/circuits/fourxors.circ.obf.8/8.one
12520675	../code/circuits/fourxors.circ.obf.8/8.zero
5	../code/circuits/fourxors.circ.obf.8/9.input
12520677	../code/circuits/fourxors.circ.obf.8/9.one
12520684	../code/circuits/fourxors.circ.obf.8/9.zero
5	../code/circuits/fourxors.circ.obf.8/nu
103477	../code/circuits/fourxors.circ.obf.8/pzt
1138245	../code/circuits/fourxors.circ.obf.8/s_enc
5	../code/circuits/fourxors.circ.obf.8/size
1138245	../code/circuits/fourxors.circ.obf.8/t_enc
103477	../code/circuits/fourxors.circ.obf.8/x0
