4	../code/circuits/fourandsnot.circ.obf.8/0.input
501662	../code/circuits/fourandsnot.circ.obf.8/0.one
501662	../code/circuits/fourandsnot.circ.obf.8/0.zero
5	../code/circuits/fourandsnot.circ.obf.8/1.input
501661	../code/circuits/fourandsnot.circ.obf.8/1.one
501662	../code/circuits/fourandsnot.circ.obf.8/1.zero
5	../code/circuits/fourandsnot.circ.obf.8/2.input
501662	../code/circuits/fourandsnot.circ.obf.8/2.one
501662	../code/circuits/fourandsnot.circ.obf.8/2.zero
5	../code/circuits/fourandsnot.circ.obf.8/3.input
501662	../code/circuits/fourandsnot.circ.obf.8/3.one
501662	../code/circuits/fourandsnot.circ.obf.8/3.zero
5	../code/circuits/fourandsnot.circ.obf.8/4.input
501661	../code/circuits/fourandsnot.circ.obf.8/4.one
501661	../code/circuits/fourandsnot.circ.obf.8/4.zero
5	../code/circuits/fourandsnot.circ.obf.8/nu
10238	../code/circuits/fourandsnot.circ.obf.8/pzt
71666	../code/circuits/fourandsnot.circ.obf.8/s_enc
5	../code/circuits/fourandsnot.circ.obf.8/size
71666	../code/circuits/fourandsnot.circ.obf.8/t_enc
10238	../code/circuits/fourandsnot.circ.obf.8/x0
