Generating MLM parameters...
  Security Parameter: 8
  Kappa: 7
  Alpha: 8
  Beta: 8
  Eta: 166
  Nu: 27
  Rho: 8
  Rho_f: 126
  N: 498
  Number of Zs: 7
  Size: 11
  Seed: 173075034716940841
  Generating p_i's and g_i's: 0.012525
  Converting g_i's to python objects: 0.000010
  Generating CRT coefficients: 0.014020
  Generating z_i's: 0.023050
  Generating pzt: 0.028332
  Saving to file: 0.000411
Took: 0.080458
Constructing 8 BPs...
Took: 0.028308
Randomizing BPs...
Took: 0.058232
Constructing bookend vectors...
  Computing bookend vectors: 0.008220
  Encoding 11 elements: 0.009850
  Saving to file: 0.000282
  Encoding 11 elements: 0.009184
  Saving to file: 0.000274
Took: 0.027974
Obfuscating layer...
  Encoding 242 elements: 0.092609
  Saving to file: 0.003400
Took: 0.099863
Obfuscating layer...
  Encoding 242 elements: 0.082306
  Saving to file: 0.003311
Took: 0.088779
Obfuscating layer...
  Encoding 242 elements: 0.081886
  Saving to file: 0.003244
Took: 0.088240
Obfuscating layer...
  Encoding 242 elements: 0.082071
  Saving to file: 0.003361
Took: 0.088577
Obfuscating layer...
  Encoding 242 elements: 0.081569
  Saving to file: 0.003393
Took: 0.088066
Obfuscation took: 0.648959
Max memory usage: 144684
Obfuscation took: 0.653888 seconds
