4	../code/circuits/point-8.circ.obf.52/0.input
115871281	../code/circuits/point-8.circ.obf.52/0.one
115871293	../code/circuits/point-8.circ.obf.52/0.zero
5	../code/circuits/point-8.circ.obf.52/1.input
115871281	../code/circuits/point-8.circ.obf.52/1.one
115871286	../code/circuits/point-8.circ.obf.52/1.zero
5	../code/circuits/point-8.circ.obf.52/2.input
115871280	../code/circuits/point-8.circ.obf.52/2.one
115871289	../code/circuits/point-8.circ.obf.52/2.zero
5	../code/circuits/point-8.circ.obf.52/3.input
115871291	../code/circuits/point-8.circ.obf.52/3.one
115871290	../code/circuits/point-8.circ.obf.52/3.zero
5	../code/circuits/point-8.circ.obf.52/4.input
115871286	../code/circuits/point-8.circ.obf.52/4.one
115871284	../code/circuits/point-8.circ.obf.52/4.zero
5	../code/circuits/point-8.circ.obf.52/5.input
115871287	../code/circuits/point-8.circ.obf.52/5.one
115871282	../code/circuits/point-8.circ.obf.52/5.zero
5	../code/circuits/point-8.circ.obf.52/6.input
115871288	../code/circuits/point-8.circ.obf.52/6.one
115871285	../code/circuits/point-8.circ.obf.52/6.zero
5	../code/circuits/point-8.circ.obf.52/7.input
115871285	../code/circuits/point-8.circ.obf.52/7.one
115871287	../code/circuits/point-8.circ.obf.52/7.zero
5	../code/circuits/point-8.circ.obf.52/nu
1158713	../code/circuits/point-8.circ.obf.52/pzt
11587128	../code/circuits/point-8.circ.obf.52/s_enc
5	../code/circuits/point-8.circ.obf.52/size
11587126	../code/circuits/point-8.circ.obf.52/t_enc
1158713	../code/circuits/point-8.circ.obf.52/x0
