Generating MLM parameters...
  Security Parameter: 52
  Kappa: 14
  Alpha: 52
  Beta: 52
  Eta: 1700
  Nu: 115
  Rho: 52
  Rho_f: 1484
  N: 9690
  Number of Zs: 14
  Size: 14
  Seed: 6402159247583230564
  Generating p_i's and g_i's: 515.549861
  Converting g_i's to python objects: 0.000074
  Generating CRT coefficients: 56.425083
  Generating z_i's: 28.265267
  Generating pzt: 88.468518
  Saving to file: 0.004327
Took: 688.718277
Constructing 52 BPs...
Took: 0.529774
Randomizing BPs...
Took: 7.600083
Constructing bookend vectors...
  Computing bookend vectors: 0.121779
  Encoding 14 elements: 38.021979
  Saving to file: 0.021836
  Encoding 14 elements: 38.223414
  Saving to file: 0.021979
Took: 76.424200
Obfuscating layer...
  Encoding 392 elements: 1121.588663
  Saving to file: 0.569040
Took: 1122.233966
Obfuscating layer...
  Encoding 392 elements: 1114.741831
  Saving to file: 0.575182
Took: 1115.430023
Obfuscating layer...
  Encoding 392 elements: 1115.018518
  Saving to file: 0.574637
Took: 1115.705460
Obfuscating layer...
  Encoding 392 elements: 1110.141596
  Saving to file: 0.574040
Took: 1110.825656
Obfuscating layer...
  Encoding 392 elements: 1108.888853
  Saving to file: 0.573858
Took: 1109.569705
Obfuscating layer...
  Encoding 392 elements: 1119.597984
  Saving to file: 0.575517
Took: 1120.282577
Obfuscating layer...
  Encoding 392 elements: 1112.870417
  Saving to file: 0.575283
Took: 1113.557038
Obfuscating layer...
  Encoding 392 elements: 1123.407072
  Saving to file: 0.575230
Took: 1124.096899
Obfuscating layer...
  Encoding 392 elements: 1120.702098
  Saving to file: 0.576774
Took: 1121.390218
Obfuscating layer...
  Encoding 392 elements: 1121.622098
  Saving to file: 0.576403
Took: 1122.311915
Obfuscating layer...
  Encoding 392 elements: 1110.949820
  Saving to file: 0.575743
Took: 1111.640288
Obfuscating layer...
  Encoding 392 elements: 1115.594852
  Saving to file: 0.578488
Took: 1116.288254
Obfuscation took: 14176.605877
Max memory usage: 21569860
Obfuscation took: 14176.657929 seconds
