Generating MLM parameters...
  Security Parameter: 52
  Kappa: 18
  Alpha: 52
  Beta: 52
  Eta: 2124
  Nu: 115
  Rho: 52
  Rho_f: 1908
  N: 12107
  Number of Zs: 18
  Size: 18
  Seed: 6301900813711766424
  Generating p_i's and g_i's: 2015.909962
  Converting g_i's to python objects: 0.000078
  Generating CRT coefficients: 334.573715
  Generating z_i's: 87.038636
  Generating pzt: 612.645977
  Saving to file: 0.005908
Took: 3050.179882
Constructing 52 BPs...
Took: 0.712129
Randomizing BPs...
Took: 19.277196
Constructing bookend vectors...
  Computing bookend vectors: 0.132405
  Encoding 18 elements: 112.336000
  Saving to file: 0.045669
  Encoding 18 elements: 111.365513
  Saving to file: 0.045726
Took: 223.952971
Obfuscating layer...
  Encoding 648 elements: 3606.209110
  Saving to file: 1.485172
Took: 3607.899074
Obfuscating layer...
  Encoding 648 elements: 3626.171802
  Saving to file: 1.485584
Took: 3627.910877
Obfuscating layer...
  Encoding 648 elements: 3624.417466
  Saving to file: 1.486793
Took: 3626.155744
Obfuscating layer...
  Encoding 648 elements: 3621.551867
  Saving to file: 1.488095
Took: 3623.285087
Obfuscating layer...
  Encoding 648 elements: 3613.072351
  Saving to file: 1.489884
Took: 3614.807589
Obfuscating layer...
  Encoding 648 elements: 3629.579059
  Saving to file: 1.485984
Took: 3631.308964
Obfuscating layer...
  Encoding 648 elements: 3621.777555
  Saving to file: 1.490991
Took: 3623.514128
Obfuscating layer...
  Encoding 648 elements: 3615.519865
  Saving to file: 1.482387
Took: 3617.146469
Obfuscating layer...
  Encoding 648 elements: 3609.039892
  Saving to file: 1.465529
Took: 3610.708788
Obfuscating layer...
  Encoding 648 elements: 3588.292768
  Saving to file: 1.472982
Took: 3589.970639
Obfuscating layer...
  Encoding 648 elements: 3610.669093
  Saving to file: 1.473387
Took: 3612.349472
Obfuscating layer...
  Encoding 648 elements: 3574.974436
  Saving to file: 1.464682
Took: 3576.647508
Obfuscating layer...
  Encoding 648 elements: 3566.521573
  Saving to file: 1.463375
Took: 3568.195053
Obfuscating layer...
  Encoding 648 elements: 3614.987688
  Saving to file: 1.462652
Took: 3616.655636
Obfuscating layer...
  Encoding 648 elements: 3597.784561
  Saving to file: 1.462610
Took: 3599.413499
Obfuscating layer...
  Encoding 648 elements: 3631.226095
  Saving to file: 1.453294
Took: 3632.882835
Obfuscation took: 61072.975452
Max memory usage: 43237528
Obfuscation took: 61073.080079 seconds
