Generating MLM parameters...
  Security Parameter: 52
  Kappa: 10
  Alpha: 52
  Beta: 52
  Eta: 1276
  Nu: 115
  Rho: 52
  Rho_f: 1060
  N: 7273
  Number of Zs: 10
  Size: 10
  Seed: 10121515183210448186
  Generating p_i's and g_i's: 128.655662
  Converting g_i's to python objects: 0.000089
  Generating CRT coefficients: 19.591991
  Generating z_i's: 12.709456
  Generating pzt: 32.926869
  Saving to file: 0.002262
Took: 193.890907
Constructing 52 BPs...
Took: 0.295188
Randomizing BPs...
Took: 2.433322
Constructing bookend vectors...
  Computing bookend vectors: 0.125078
  Encoding 10 elements: 9.101837
  Saving to file: 0.009271
  Encoding 10 elements: 9.073881
  Saving to file: 0.009496
Took: 18.326909
Obfuscating layer...
  Encoding 200 elements: 192.933515
  Saving to file: 0.165482
Took: 193.137364
Obfuscating layer...
  Encoding 200 elements: 202.844384
  Saving to file: 0.164958
Took: 203.046970
Obfuscating layer...
  Encoding 200 elements: 204.708738
  Saving to file: 0.165126
Took: 204.916208
Obfuscating layer...
  Encoding 200 elements: 208.530139
  Saving to file: 0.166377
Took: 208.740239
Obfuscating layer...
  Encoding 200 elements: 202.870890
  Saving to file: 0.165972
Took: 203.080285
Obfuscating layer...
  Encoding 200 elements: 202.901922
  Saving to file: 0.167451
Took: 203.113570
Obfuscating layer...
  Encoding 200 elements: 207.350765
  Saving to file: 0.167077
Took: 207.562518
Obfuscating layer...
  Encoding 200 elements: 203.640476
  Saving to file: 0.165193
Took: 203.849720
Obfuscation took: 1842.394303
Max memory usage: 9086012
Obfuscation took: 1842.419979 seconds
