4	../code/circuits/point-16.circ.obf.52/0.input
1040759831	../code/circuits/point-16.circ.obf.52/0.one
1040759824	../code/circuits/point-16.circ.obf.52/0.zero
5	../code/circuits/point-16.circ.obf.52/10.input
1040759832	../code/circuits/point-16.circ.obf.52/10.one
1040759842	../code/circuits/point-16.circ.obf.52/10.zero
5	../code/circuits/point-16.circ.obf.52/11.input
1040759839	../code/circuits/point-16.circ.obf.52/11.one
1040759840	../code/circuits/point-16.circ.obf.52/11.zero
5	../code/circuits/point-16.circ.obf.52/12.input
1040759840	../code/circuits/point-16.circ.obf.52/12.one
1040759851	../code/circuits/point-16.circ.obf.52/12.zero
5	../code/circuits/point-16.circ.obf.52/13.input
1040759826	../code/circuits/point-16.circ.obf.52/13.one
1040759846	../code/circuits/point-16.circ.obf.52/13.zero
5	../code/circuits/point-16.circ.obf.52/14.input
1040759839	../code/circuits/point-16.circ.obf.52/14.one
1040759829	../code/circuits/point-16.circ.obf.52/14.zero
5	../code/circuits/point-16.circ.obf.52/15.input
1040759838	../code/circuits/point-16.circ.obf.52/15.one
1040759831	../code/circuits/point-16.circ.obf.52/15.zero
5	../code/circuits/point-16.circ.obf.52/1.input
1040759827	../code/circuits/point-16.circ.obf.52/1.one
1040759832	../code/circuits/point-16.circ.obf.52/1.zero
5	../code/circuits/point-16.circ.obf.52/2.input
1040759844	../code/circuits/point-16.circ.obf.52/2.one
1040759829	../code/circuits/point-16.circ.obf.52/2.zero
5	../code/circuits/point-16.circ.obf.52/3.input
1040759834	../code/circuits/point-16.circ.obf.52/3.one
1040759829	../code/circuits/point-16.circ.obf.52/3.zero
5	../code/circuits/point-16.circ.obf.52/4.input
1040759831	../code/circuits/point-16.circ.obf.52/4.one
1040759833	../code/circuits/point-16.circ.obf.52/4.zero
5	../code/circuits/point-16.circ.obf.52/5.input
1040759847	../code/circuits/point-16.circ.obf.52/5.one
1040759824	../code/circuits/point-16.circ.obf.52/5.zero
5	../code/circuits/point-16.circ.obf.52/6.input
1040759842	../code/circuits/point-16.circ.obf.52/6.one
1040759833	../code/circuits/point-16.circ.obf.52/6.zero
5	../code/circuits/point-16.circ.obf.52/7.input
1040759832	../code/circuits/point-16.circ.obf.52/7.one
1040759839	../code/circuits/point-16.circ.obf.52/7.zero
5	../code/circuits/point-16.circ.obf.52/8.input
1040759840	../code/circuits/point-16.circ.obf.52/8.one
1040759834	../code/circuits/point-16.circ.obf.52/8.zero
5	../code/circuits/point-16.circ.obf.52/9.input
1040759841	../code/circuits/point-16.circ.obf.52/9.one
1040759841	../code/circuits/point-16.circ.obf.52/9.zero
5	../code/circuits/point-16.circ.obf.52/nu
3212222	../code/circuits/point-16.circ.obf.52/pzt
57819988	../code/circuits/point-16.circ.obf.52/s_enc
5	../code/circuits/point-16.circ.obf.52/size
57819992	../code/circuits/point-16.circ.obf.52/t_enc
3212222	../code/circuits/point-16.circ.obf.52/x0
