4	../code/circuits/point-12.circ.obf.52/0.input
403240400	../code/circuits/point-12.circ.obf.52/0.one
403240402	../code/circuits/point-12.circ.obf.52/0.zero
5	../code/circuits/point-12.circ.obf.52/10.input
403240402	../code/circuits/point-12.circ.obf.52/10.one
403240401	../code/circuits/point-12.circ.obf.52/10.zero
5	../code/circuits/point-12.circ.obf.52/11.input
403240401	../code/circuits/point-12.circ.obf.52/11.one
403240402	../code/circuits/point-12.circ.obf.52/11.zero
5	../code/circuits/point-12.circ.obf.52/1.input
403240400	../code/circuits/point-12.circ.obf.52/1.one
403240402	../code/circuits/point-12.circ.obf.52/1.zero
5	../code/circuits/point-12.circ.obf.52/2.input
403240399	../code/circuits/point-12.circ.obf.52/2.one
403240403	../code/circuits/point-12.circ.obf.52/2.zero
5	../code/circuits/point-12.circ.obf.52/3.input
403240399	../code/circuits/point-12.circ.obf.52/3.one
403240403	../code/circuits/point-12.circ.obf.52/3.zero
5	../code/circuits/point-12.circ.obf.52/4.input
403240400	../code/circuits/point-12.circ.obf.52/4.one
403240401	../code/circuits/point-12.circ.obf.52/4.zero
5	../code/circuits/point-12.circ.obf.52/5.input
403240401	../code/circuits/point-12.circ.obf.52/5.one
403240402	../code/circuits/point-12.circ.obf.52/5.zero
5	../code/circuits/point-12.circ.obf.52/6.input
403240400	../code/circuits/point-12.circ.obf.52/6.one
403240399	../code/circuits/point-12.circ.obf.52/6.zero
5	../code/circuits/point-12.circ.obf.52/7.input
403240402	../code/circuits/point-12.circ.obf.52/7.one
403240400	../code/circuits/point-12.circ.obf.52/7.zero
5	../code/circuits/point-12.circ.obf.52/8.input
403240399	../code/circuits/point-12.circ.obf.52/8.one
403240403	../code/circuits/point-12.circ.obf.52/8.zero
5	../code/circuits/point-12.circ.obf.52/9.input
403240402	../code/circuits/point-12.circ.obf.52/9.one
403240399	../code/circuits/point-12.circ.obf.52/9.zero
5	../code/circuits/point-12.circ.obf.52/nu
2057349	../code/circuits/point-12.circ.obf.52/pzt
28802886	../code/circuits/point-12.circ.obf.52/s_enc
5	../code/circuits/point-12.circ.obf.52/size
28802886	../code/circuits/point-12.circ.obf.52/t_enc
2057349	../code/circuits/point-12.circ.obf.52/x0
