564827	../code/circuits/point-8.circ.obf.8/0.a0_enc
564827	../code/circuits/point-8.circ.obf.8/0.a1_enc
4	../code/circuits/point-8.circ.obf.8/0.input
5083442	../code/circuits/point-8.circ.obf.8/0.one
5083442	../code/circuits/point-8.circ.obf.8/0.zero
564827	../code/circuits/point-8.circ.obf.8/10.a0_enc
564827	../code/circuits/point-8.circ.obf.8/10.a1_enc
4	../code/circuits/point-8.circ.obf.8/10.input
5083442	../code/circuits/point-8.circ.obf.8/10.one
5083443	../code/circuits/point-8.circ.obf.8/10.zero
564827	../code/circuits/point-8.circ.obf.8/11.a0_enc
564827	../code/circuits/point-8.circ.obf.8/11.a1_enc
5	../code/circuits/point-8.circ.obf.8/11.input
5083443	../code/circuits/point-8.circ.obf.8/11.one
5083443	../code/circuits/point-8.circ.obf.8/11.zero
564827	../code/circuits/point-8.circ.obf.8/12.a0_enc
564827	../code/circuits/point-8.circ.obf.8/12.a1_enc
5	../code/circuits/point-8.circ.obf.8/12.input
5083443	../code/circuits/point-8.circ.obf.8/12.one
5083443	../code/circuits/point-8.circ.obf.8/12.zero
564827	../code/circuits/point-8.circ.obf.8/13.a0_enc
564827	../code/circuits/point-8.circ.obf.8/13.a1_enc
5	../code/circuits/point-8.circ.obf.8/13.input
5083443	../code/circuits/point-8.circ.obf.8/13.one
5083443	../code/circuits/point-8.circ.obf.8/13.zero
564827	../code/circuits/point-8.circ.obf.8/14.a0_enc
564827	../code/circuits/point-8.circ.obf.8/14.a1_enc
5	../code/circuits/point-8.circ.obf.8/14.input
5083443	../code/circuits/point-8.circ.obf.8/14.one
5083443	../code/circuits/point-8.circ.obf.8/14.zero
564827	../code/circuits/point-8.circ.obf.8/15.a0_enc
564827	../code/circuits/point-8.circ.obf.8/15.a1_enc
5	../code/circuits/point-8.circ.obf.8/15.input
5083443	../code/circuits/point-8.circ.obf.8/15.one
5083443	../code/circuits/point-8.circ.obf.8/15.zero
564827	../code/circuits/point-8.circ.obf.8/16.a0_enc
564827	../code/circuits/point-8.circ.obf.8/16.a1_enc
5	../code/circuits/point-8.circ.obf.8/16.input
5083442	../code/circuits/point-8.circ.obf.8/16.one
5083443	../code/circuits/point-8.circ.obf.8/16.zero
564827	../code/circuits/point-8.circ.obf.8/17.a0_enc
564827	../code/circuits/point-8.circ.obf.8/17.a1_enc
5	../code/circuits/point-8.circ.obf.8/17.input
5083443	../code/circuits/point-8.circ.obf.8/17.one
5083443	../code/circuits/point-8.circ.obf.8/17.zero
564827	../code/circuits/point-8.circ.obf.8/18.a0_enc
564827	../code/circuits/point-8.circ.obf.8/18.a1_enc
5	../code/circuits/point-8.circ.obf.8/18.input
5083443	../code/circuits/point-8.circ.obf.8/18.one
5083443	../code/circuits/point-8.circ.obf.8/18.zero
564827	../code/circuits/point-8.circ.obf.8/19.a0_enc
564827	../code/circuits/point-8.circ.obf.8/19.a1_enc
5	../code/circuits/point-8.circ.obf.8/19.input
5083443	../code/circuits/point-8.circ.obf.8/19.one
5083443	../code/circuits/point-8.circ.obf.8/19.zero
564827	../code/circuits/point-8.circ.obf.8/1.a0_enc
564827	../code/circuits/point-8.circ.obf.8/1.a1_enc
5	../code/circuits/point-8.circ.obf.8/1.input
5083443	../code/circuits/point-8.circ.obf.8/1.one
5083443	../code/circuits/point-8.circ.obf.8/1.zero
564827	../code/circuits/point-8.circ.obf.8/20.a0_enc
564827	../code/circuits/point-8.circ.obf.8/20.a1_enc
5	../code/circuits/point-8.circ.obf.8/20.input
5083443	../code/circuits/point-8.circ.obf.8/20.one
5083443	../code/circuits/point-8.circ.obf.8/20.zero
564827	../code/circuits/point-8.circ.obf.8/21.a0_enc
564827	../code/circuits/point-8.circ.obf.8/21.a1_enc
5	../code/circuits/point-8.circ.obf.8/21.input
5083443	../code/circuits/point-8.circ.obf.8/21.one
5083443	../code/circuits/point-8.circ.obf.8/21.zero
564827	../code/circuits/point-8.circ.obf.8/22.a0_enc
564827	../code/circuits/point-8.circ.obf.8/22.a1_enc
5	../code/circuits/point-8.circ.obf.8/22.input
5083443	../code/circuits/point-8.circ.obf.8/22.one
5083443	../code/circuits/point-8.circ.obf.8/22.zero
564827	../code/circuits/point-8.circ.obf.8/23.a0_enc
564827	../code/circuits/point-8.circ.obf.8/23.a1_enc
5	../code/circuits/point-8.circ.obf.8/23.input
5083443	../code/circuits/point-8.circ.obf.8/23.one
5083443	../code/circuits/point-8.circ.obf.8/23.zero
564827	../code/circuits/point-8.circ.obf.8/24.a0_enc
564827	../code/circuits/point-8.circ.obf.8/24.a1_enc
5	../code/circuits/point-8.circ.obf.8/24.input
5083443	../code/circuits/point-8.circ.obf.8/24.one
5083443	../code/circuits/point-8.circ.obf.8/24.zero
564827	../code/circuits/point-8.circ.obf.8/25.a0_enc
564826	../code/circuits/point-8.circ.obf.8/25.a1_enc
5	../code/circuits/point-8.circ.obf.8/25.input
5083443	../code/circuits/point-8.circ.obf.8/25.one
5083443	../code/circuits/point-8.circ.obf.8/25.zero
564827	../code/circuits/point-8.circ.obf.8/26.a0_enc
564827	../code/circuits/point-8.circ.obf.8/26.a1_enc
5	../code/circuits/point-8.circ.obf.8/26.input
5083443	../code/circuits/point-8.circ.obf.8/26.one
5083443	../code/circuits/point-8.circ.obf.8/26.zero
564826	../code/circuits/point-8.circ.obf.8/27.a0_enc
564827	../code/circuits/point-8.circ.obf.8/27.a1_enc
5	../code/circuits/point-8.circ.obf.8/27.input
5083443	../code/circuits/point-8.circ.obf.8/27.one
5083443	../code/circuits/point-8.circ.obf.8/27.zero
564827	../code/circuits/point-8.circ.obf.8/28.a0_enc
564827	../code/circuits/point-8.circ.obf.8/28.a1_enc
5	../code/circuits/point-8.circ.obf.8/28.input
5083443	../code/circuits/point-8.circ.obf.8/28.one
5083443	../code/circuits/point-8.circ.obf.8/28.zero
564827	../code/circuits/point-8.circ.obf.8/29.a0_enc
564827	../code/circuits/point-8.circ.obf.8/29.a1_enc
5	../code/circuits/point-8.circ.obf.8/29.input
5083443	../code/circuits/point-8.circ.obf.8/29.one
5083443	../code/circuits/point-8.circ.obf.8/29.zero
564827	../code/circuits/point-8.circ.obf.8/2.a0_enc
564827	../code/circuits/point-8.circ.obf.8/2.a1_enc
4	../code/circuits/point-8.circ.obf.8/2.input
5083443	../code/circuits/point-8.circ.obf.8/2.one
5083443	../code/circuits/point-8.circ.obf.8/2.zero
564827	../code/circuits/point-8.circ.obf.8/30.a0_enc
564827	../code/circuits/point-8.circ.obf.8/30.a1_enc
5	../code/circuits/point-8.circ.obf.8/30.input
5083443	../code/circuits/point-8.circ.obf.8/30.one
5083442	../code/circuits/point-8.circ.obf.8/30.zero
564827	../code/circuits/point-8.circ.obf.8/31.a0_enc
564827	../code/circuits/point-8.circ.obf.8/31.a1_enc
5	../code/circuits/point-8.circ.obf.8/31.input
5083443	../code/circuits/point-8.circ.obf.8/31.one
5083443	../code/circuits/point-8.circ.obf.8/31.zero
564827	../code/circuits/point-8.circ.obf.8/32.a0_enc
564827	../code/circuits/point-8.circ.obf.8/32.a1_enc
4	../code/circuits/point-8.circ.obf.8/32.input
5083442	../code/circuits/point-8.circ.obf.8/32.one
5083443	../code/circuits/point-8.circ.obf.8/32.zero
564827	../code/circuits/point-8.circ.obf.8/33.a0_enc
564827	../code/circuits/point-8.circ.obf.8/33.a1_enc
5	../code/circuits/point-8.circ.obf.8/33.input
5083443	../code/circuits/point-8.circ.obf.8/33.one
5083443	../code/circuits/point-8.circ.obf.8/33.zero
564827	../code/circuits/point-8.circ.obf.8/34.a0_enc
564827	../code/circuits/point-8.circ.obf.8/34.a1_enc
4	../code/circuits/point-8.circ.obf.8/34.input
5083443	../code/circuits/point-8.circ.obf.8/34.one
5083443	../code/circuits/point-8.circ.obf.8/34.zero
564827	../code/circuits/point-8.circ.obf.8/35.a0_enc
564827	../code/circuits/point-8.circ.obf.8/35.a1_enc
5	../code/circuits/point-8.circ.obf.8/35.input
5083443	../code/circuits/point-8.circ.obf.8/35.one
5083443	../code/circuits/point-8.circ.obf.8/35.zero
564827	../code/circuits/point-8.circ.obf.8/36.a0_enc
564827	../code/circuits/point-8.circ.obf.8/36.a1_enc
5	../code/circuits/point-8.circ.obf.8/36.input
5083443	../code/circuits/point-8.circ.obf.8/36.one
5083441	../code/circuits/point-8.circ.obf.8/36.zero
564827	../code/circuits/point-8.circ.obf.8/37.a0_enc
564827	../code/circuits/point-8.circ.obf.8/37.a1_enc
5	../code/circuits/point-8.circ.obf.8/37.input
5083443	../code/circuits/point-8.circ.obf.8/37.one
5083442	../code/circuits/point-8.circ.obf.8/37.zero
564827	../code/circuits/point-8.circ.obf.8/38.a0_enc
564827	../code/circuits/point-8.circ.obf.8/38.a1_enc
5	../code/circuits/point-8.circ.obf.8/38.input
5083443	../code/circuits/point-8.circ.obf.8/38.one
5083443	../code/circuits/point-8.circ.obf.8/38.zero
564827	../code/circuits/point-8.circ.obf.8/39.a0_enc
564827	../code/circuits/point-8.circ.obf.8/39.a1_enc
5	../code/circuits/point-8.circ.obf.8/39.input
5083443	../code/circuits/point-8.circ.obf.8/39.one
5083442	../code/circuits/point-8.circ.obf.8/39.zero
564827	../code/circuits/point-8.circ.obf.8/3.a0_enc
564827	../code/circuits/point-8.circ.obf.8/3.a1_enc
5	../code/circuits/point-8.circ.obf.8/3.input
5083443	../code/circuits/point-8.circ.obf.8/3.one
5083443	../code/circuits/point-8.circ.obf.8/3.zero
564827	../code/circuits/point-8.circ.obf.8/40.a0_enc
564827	../code/circuits/point-8.circ.obf.8/40.a1_enc
4	../code/circuits/point-8.circ.obf.8/40.input
5083442	../code/circuits/point-8.circ.obf.8/40.one
5083443	../code/circuits/point-8.circ.obf.8/40.zero
564827	../code/circuits/point-8.circ.obf.8/41.a0_enc
564827	../code/circuits/point-8.circ.obf.8/41.a1_enc
5	../code/circuits/point-8.circ.obf.8/41.input
5083443	../code/circuits/point-8.circ.obf.8/41.one
5083443	../code/circuits/point-8.circ.obf.8/41.zero
564827	../code/circuits/point-8.circ.obf.8/42.a0_enc
564827	../code/circuits/point-8.circ.obf.8/42.a1_enc
4	../code/circuits/point-8.circ.obf.8/42.input
5083443	../code/circuits/point-8.circ.obf.8/42.one
5083443	../code/circuits/point-8.circ.obf.8/42.zero
564827	../code/circuits/point-8.circ.obf.8/43.a0_enc
564827	../code/circuits/point-8.circ.obf.8/43.a1_enc
5	../code/circuits/point-8.circ.obf.8/43.input
5083443	../code/circuits/point-8.circ.obf.8/43.one
5083443	../code/circuits/point-8.circ.obf.8/43.zero
564827	../code/circuits/point-8.circ.obf.8/44.a0_enc
564827	../code/circuits/point-8.circ.obf.8/44.a1_enc
5	../code/circuits/point-8.circ.obf.8/44.input
5083443	../code/circuits/point-8.circ.obf.8/44.one
5083443	../code/circuits/point-8.circ.obf.8/44.zero
564827	../code/circuits/point-8.circ.obf.8/45.a0_enc
564827	../code/circuits/point-8.circ.obf.8/45.a1_enc
5	../code/circuits/point-8.circ.obf.8/45.input
5083443	../code/circuits/point-8.circ.obf.8/45.one
5083443	../code/circuits/point-8.circ.obf.8/45.zero
564827	../code/circuits/point-8.circ.obf.8/46.a0_enc
564827	../code/circuits/point-8.circ.obf.8/46.a1_enc
5	../code/circuits/point-8.circ.obf.8/46.input
5083442	../code/circuits/point-8.circ.obf.8/46.one
5083443	../code/circuits/point-8.circ.obf.8/46.zero
564827	../code/circuits/point-8.circ.obf.8/47.a0_enc
564827	../code/circuits/point-8.circ.obf.8/47.a1_enc
5	../code/circuits/point-8.circ.obf.8/47.input
5083443	../code/circuits/point-8.circ.obf.8/47.one
5083443	../code/circuits/point-8.circ.obf.8/47.zero
564827	../code/circuits/point-8.circ.obf.8/48.a0_enc
564827	../code/circuits/point-8.circ.obf.8/48.a1_enc
5	../code/circuits/point-8.circ.obf.8/48.input
5083443	../code/circuits/point-8.circ.obf.8/48.one
5083443	../code/circuits/point-8.circ.obf.8/48.zero
564827	../code/circuits/point-8.circ.obf.8/49.a0_enc
564827	../code/circuits/point-8.circ.obf.8/49.a1_enc
5	../code/circuits/point-8.circ.obf.8/49.input
5083443	../code/circuits/point-8.circ.obf.8/49.one
5083443	../code/circuits/point-8.circ.obf.8/49.zero
564827	../code/circuits/point-8.circ.obf.8/4.a0_enc
564827	../code/circuits/point-8.circ.obf.8/4.a1_enc
5	../code/circuits/point-8.circ.obf.8/4.input
5083443	../code/circuits/point-8.circ.obf.8/4.one
5083443	../code/circuits/point-8.circ.obf.8/4.zero
564827	../code/circuits/point-8.circ.obf.8/50.a0_enc
564827	../code/circuits/point-8.circ.obf.8/50.a1_enc
5	../code/circuits/point-8.circ.obf.8/50.input
5083443	../code/circuits/point-8.circ.obf.8/50.one
5083443	../code/circuits/point-8.circ.obf.8/50.zero
564827	../code/circuits/point-8.circ.obf.8/51.a0_enc
564827	../code/circuits/point-8.circ.obf.8/51.a1_enc
5	../code/circuits/point-8.circ.obf.8/51.input
5083443	../code/circuits/point-8.circ.obf.8/51.one
5083443	../code/circuits/point-8.circ.obf.8/51.zero
564827	../code/circuits/point-8.circ.obf.8/52.a0_enc
564827	../code/circuits/point-8.circ.obf.8/52.a1_enc
5	../code/circuits/point-8.circ.obf.8/52.input
5083443	../code/circuits/point-8.circ.obf.8/52.one
5083443	../code/circuits/point-8.circ.obf.8/52.zero
564827	../code/circuits/point-8.circ.obf.8/53.a0_enc
564827	../code/circuits/point-8.circ.obf.8/53.a1_enc
5	../code/circuits/point-8.circ.obf.8/53.input
5083443	../code/circuits/point-8.circ.obf.8/53.one
5083443	../code/circuits/point-8.circ.obf.8/53.zero
564827	../code/circuits/point-8.circ.obf.8/54.a0_enc
564827	../code/circuits/point-8.circ.obf.8/54.a1_enc
5	../code/circuits/point-8.circ.obf.8/54.input
5083442	../code/circuits/point-8.circ.obf.8/54.one
5083443	../code/circuits/point-8.circ.obf.8/54.zero
564827	../code/circuits/point-8.circ.obf.8/55.a0_enc
564827	../code/circuits/point-8.circ.obf.8/55.a1_enc
5	../code/circuits/point-8.circ.obf.8/55.input
5083443	../code/circuits/point-8.circ.obf.8/55.one
5083443	../code/circuits/point-8.circ.obf.8/55.zero
564827	../code/circuits/point-8.circ.obf.8/56.a0_enc
564827	../code/circuits/point-8.circ.obf.8/56.a1_enc
5	../code/circuits/point-8.circ.obf.8/56.input
5083443	../code/circuits/point-8.circ.obf.8/56.one
5083443	../code/circuits/point-8.circ.obf.8/56.zero
564827	../code/circuits/point-8.circ.obf.8/57.a0_enc
564827	../code/circuits/point-8.circ.obf.8/57.a1_enc
5	../code/circuits/point-8.circ.obf.8/57.input
5083443	../code/circuits/point-8.circ.obf.8/57.one
5083443	../code/circuits/point-8.circ.obf.8/57.zero
564827	../code/circuits/point-8.circ.obf.8/58.a0_enc
564827	../code/circuits/point-8.circ.obf.8/58.a1_enc
5	../code/circuits/point-8.circ.obf.8/58.input
5083443	../code/circuits/point-8.circ.obf.8/58.one
5083443	../code/circuits/point-8.circ.obf.8/58.zero
564827	../code/circuits/point-8.circ.obf.8/59.a0_enc
564827	../code/circuits/point-8.circ.obf.8/59.a1_enc
5	../code/circuits/point-8.circ.obf.8/59.input
5083443	../code/circuits/point-8.circ.obf.8/59.one
5083443	../code/circuits/point-8.circ.obf.8/59.zero
564827	../code/circuits/point-8.circ.obf.8/5.a0_enc
564827	../code/circuits/point-8.circ.obf.8/5.a1_enc
5	../code/circuits/point-8.circ.obf.8/5.input
5083443	../code/circuits/point-8.circ.obf.8/5.one
5083443	../code/circuits/point-8.circ.obf.8/5.zero
564827	../code/circuits/point-8.circ.obf.8/60.a0_enc
564827	../code/circuits/point-8.circ.obf.8/60.a1_enc
5	../code/circuits/point-8.circ.obf.8/60.input
5083443	../code/circuits/point-8.circ.obf.8/60.one
5083443	../code/circuits/point-8.circ.obf.8/60.zero
564827	../code/circuits/point-8.circ.obf.8/61.a0_enc
564827	../code/circuits/point-8.circ.obf.8/61.a1_enc
5	../code/circuits/point-8.circ.obf.8/61.input
5083443	../code/circuits/point-8.circ.obf.8/61.one
5083443	../code/circuits/point-8.circ.obf.8/61.zero
564827	../code/circuits/point-8.circ.obf.8/62.a0_enc
564827	../code/circuits/point-8.circ.obf.8/62.a1_enc
5	../code/circuits/point-8.circ.obf.8/62.input
5083443	../code/circuits/point-8.circ.obf.8/62.one
5083443	../code/circuits/point-8.circ.obf.8/62.zero
564827	../code/circuits/point-8.circ.obf.8/63.a0_enc
564827	../code/circuits/point-8.circ.obf.8/63.a1_enc
5	../code/circuits/point-8.circ.obf.8/63.input
5083443	../code/circuits/point-8.circ.obf.8/63.one
5083443	../code/circuits/point-8.circ.obf.8/63.zero
564827	../code/circuits/point-8.circ.obf.8/6.a0_enc
564827	../code/circuits/point-8.circ.obf.8/6.a1_enc
5	../code/circuits/point-8.circ.obf.8/6.input
5083443	../code/circuits/point-8.circ.obf.8/6.one
5083443	../code/circuits/point-8.circ.obf.8/6.zero
564827	../code/circuits/point-8.circ.obf.8/7.a0_enc
564827	../code/circuits/point-8.circ.obf.8/7.a1_enc
5	../code/circuits/point-8.circ.obf.8/7.input
5083443	../code/circuits/point-8.circ.obf.8/7.one
5083443	../code/circuits/point-8.circ.obf.8/7.zero
564827	../code/circuits/point-8.circ.obf.8/8.a0_enc
564827	../code/circuits/point-8.circ.obf.8/8.a1_enc
4	../code/circuits/point-8.circ.obf.8/8.input
5083442	../code/circuits/point-8.circ.obf.8/8.one
5083443	../code/circuits/point-8.circ.obf.8/8.zero
564827	../code/circuits/point-8.circ.obf.8/9.a0_enc
564827	../code/circuits/point-8.circ.obf.8/9.a1_enc
5	../code/circuits/point-8.circ.obf.8/9.input
5083443	../code/circuits/point-8.circ.obf.8/9.one
5083443	../code/circuits/point-8.circ.obf.8/9.zero
5	../code/circuits/point-8.circ.obf.8/nu
564827	../code/circuits/point-8.circ.obf.8/p_enc
564826	../code/circuits/point-8.circ.obf.8/pzt
1694481	../code/circuits/point-8.circ.obf.8/s_enc
5	../code/circuits/point-8.circ.obf.8/size
1694481	../code/circuits/point-8.circ.obf.8/t_enc
564827	../code/circuits/point-8.circ.obf.8/x0
