Generating MLM parameters...
  Security Parameter: 8
  Kappa: 10
  Alpha: 8
  Beta: 8
  Eta: 220
  Nu: 27
  Rho: 8
  Rho_f: 180
  N: 660
  Number of Zs: 10
  Size: 10
  Seed: 9728055842218875687
  Generating p_i's and g_i's: 0.032740
  Converting g_i's to python objects: 0.000015
  Generating CRT coefficients: 0.028145
  Generating z_i's: 0.047986
  Generating pzt: 0.066074
  Saving to file: 0.000466
Took: 0.177740
Constructing 8 BPs...
Took: 0.047127
Randomizing BPs...
Took: 0.113521
Constructing bookend vectors...
  Computing bookend vectors: 0.009178
  Encoding 10 elements: 0.015053
  Saving to file: 0.000366
  Encoding 10 elements: 0.015270
  Saving to file: 0.000326
Took: 0.041851
Obfuscating layer...
  Encoding 200 elements: 0.159049
  Saving to file: 0.004085
Took: 0.167555
Obfuscating layer...
  Encoding 200 elements: 0.153751
  Saving to file: 0.004024
Took: 0.161059
Obfuscating layer...
  Encoding 200 elements: 0.155184
  Saving to file: 0.004021
Took: 0.162473
Obfuscating layer...
  Encoding 200 elements: 0.154995
  Saving to file: 0.004082
Took: 0.162391
Obfuscating layer...
  Encoding 200 elements: 0.154556
  Saving to file: 0.004102
Took: 0.161965
Obfuscating layer...
  Encoding 200 elements: 0.157891
  Saving to file: 0.004029
Took: 0.165226
Obfuscating layer...
  Encoding 200 elements: 0.154268
  Saving to file: 0.004077
Took: 0.162656
Obfuscating layer...
  Encoding 200 elements: 0.154614
  Saving to file: 0.004063
Took: 0.162146
Obfuscation took: 1.686606
Max memory usage: 162308
Obfuscation took: 1.694677 seconds
