4	../code/circuits/point-8.circ.obf.8/0.input
1803595	../code/circuits/point-8.circ.obf.8/0.one
1803594	../code/circuits/point-8.circ.obf.8/0.zero
5	../code/circuits/point-8.circ.obf.8/1.input
1803597	../code/circuits/point-8.circ.obf.8/1.one
1803599	../code/circuits/point-8.circ.obf.8/1.zero
5	../code/circuits/point-8.circ.obf.8/2.input
1803596	../code/circuits/point-8.circ.obf.8/2.one
1803593	../code/circuits/point-8.circ.obf.8/2.zero
5	../code/circuits/point-8.circ.obf.8/3.input
1803597	../code/circuits/point-8.circ.obf.8/3.one
1803595	../code/circuits/point-8.circ.obf.8/3.zero
5	../code/circuits/point-8.circ.obf.8/4.input
1803597	../code/circuits/point-8.circ.obf.8/4.one
1803595	../code/circuits/point-8.circ.obf.8/4.zero
5	../code/circuits/point-8.circ.obf.8/5.input
1803597	../code/circuits/point-8.circ.obf.8/5.one
1803595	../code/circuits/point-8.circ.obf.8/5.zero
5	../code/circuits/point-8.circ.obf.8/6.input
1803598	../code/circuits/point-8.circ.obf.8/6.one
1803596	../code/circuits/point-8.circ.obf.8/6.zero
5	../code/circuits/point-8.circ.obf.8/7.input
1803595	../code/circuits/point-8.circ.obf.8/7.one
1803599	../code/circuits/point-8.circ.obf.8/7.zero
5	../code/circuits/point-8.circ.obf.8/nu
18036	../code/circuits/point-8.circ.obf.8/pzt
180360	../code/circuits/point-8.circ.obf.8/s_enc
5	../code/circuits/point-8.circ.obf.8/size
180360	../code/circuits/point-8.circ.obf.8/t_enc
18036	../code/circuits/point-8.circ.obf.8/x0
