Generating MLM parameters...
  Security Parameter: 88
  Kappa: 4
  Alpha: 88
  Beta: 88
  Eta: 1072
  Nu: 187
  Rho: 88
  Rho_f: 712
  N: 6924
  Number of Zs: 4
  Size: 5
  Seed: 11722277687889820139
  Generating p_i's and g_i's: 35.407163
  Converting g_i's to python objects: 0.007873
  Generating CRT coefficients: 9.073519
  Generating z_i's: 6.511525
  Generating pzt: 9.623418
  Saving to file: 0.002272
Took: 60.630315
Constructing 88 BPs...
Took: 0.082783
Randomizing BPs...
Took: 2.350963
Constructing bookend vectors...
  Computing bookend vectors: 0.154262
  Encoding 5 elements: 6.530944
  Saving to file: 0.003257
  Encoding 5 elements: 6.479836
  Saving to file: 0.004196
Took: 13.175347
Obfuscating layer...
  Encoding 50 elements: 20.826470
  Saving to file: 0.034992
Took: 20.875946
Obfuscating layer...
  Encoding 50 elements: 20.971855
  Saving to file: 0.034093
Took: 21.020323
Obfuscation took: 118.136330
Max memory usage: 7044124
Obfuscation took: 118.144102 seconds
