Generating MLM parameters...
  Security Parameter: 40
  Kappa: 4
  Alpha: 40
  Beta: 40
  Eta: 496
  Nu: 91
  Rho: 40
  Rho_f: 328
  N: 2639
  Number of Zs: 4
  Size: 5
  Seed: 9392371199464795036
  Generating p_i's and g_i's: 1.115303
  Converting g_i's to python objects: 0.000071
  Generating CRT coefficients: 1.242919
  Generating z_i's: 0.705462
  Generating pzt: 0.654864
  Saving to file: 0.000776
Took: 3.722867
Constructing 40 BPs...
Took: 0.038224
Randomizing BPs...
Took: 0.203911
Constructing bookend vectors...
  Computing bookend vectors: 0.071457
  Encoding 5 elements: 0.385444
  Saving to file: 0.001011
  Encoding 5 elements: 0.367513
  Saving to file: 0.001036
Took: 0.827837
Obfuscating layer...
  Encoding 50 elements: 1.203239
  Saving to file: 0.006180
Took: 1.213523
Obfuscating layer...
  Encoding 50 elements: 1.187545
  Saving to file: 0.007173
Took: 1.198940
Obfuscation took: 7.206037
Max memory usage: 686116
Obfuscation took: 7.210634 seconds
