* Using CLT13 prime generation
Generating MLM parameters...
  Security Parameter: 64
  Kappa: 4
  Alpha: 64
  Beta: 64
  Eta: 784
  Nu: 139
  Rho: 64
  Rho_f: 520
  N: 4704
  Number of Zs: 4
  Size: 5
  Seed: 6391953188158283584
  Generating p_i's and g_i's: 4.118632
  Converting g_i's to python objects: 0.000101
  Generating CRT coefficients: 3.552963
  Generating z_i's: 2.577241
  Generating pzt: 6.481831
  Saving to file: 0.001455
Took: 16.736681
Constructing 64 BPs...
Took: 0.066037
Randomizing BPs...
Took: 0.359080
Constructing bookend vectors...
  Computing bookend vectors: 0.166177
  Encoding 5 elements: 1.656306
  Saving to file: 0.002640
  Encoding 5 elements: 1.609376
  Saving to file: 0.002569
Took: 3.438921
Obfuscating layer...
  Encoding 50 elements: 5.224237
  Saving to file: 0.017737
Took: 5.253303
Obfuscating layer...
  Encoding 50 elements: 5.306940
  Saving to file: 0.017785
Took: 5.335389
Obfuscation took: 31.190101
Max memory usage: 2505380
Obfuscation took: 31.196566 seconds
