Generating MLM parameters...
  Security Parameter: 56
  Kappa: 4
  Alpha: 56
  Beta: 56
  Eta: 688
  Nu: 123
  Rho: 56
  Rho_f: 456
  N: 3995
  Number of Zs: 4
  Size: 5
  Seed: 17171429770853540810
  Generating p_i's and g_i's: 4.656298
  Converting g_i's to python objects: 0.000131
  Generating CRT coefficients: 2.555930
  Generating z_i's: 1.839352
  Generating pzt: 1.950887
  Saving to file: 0.001162
Took: 11.008109
Constructing 56 BPs...
Took: 0.055098
Randomizing BPs...
Took: 0.309801
Constructing bookend vectors...
  Computing bookend vectors: 0.100892
  Encoding 5 elements: 1.113214
  Saving to file: 0.001898
  Encoding 5 elements: 1.087326
  Saving to file: 0.001914
Took: 2.306958
Obfuscating layer...
  Encoding 50 elements: 3.429947
  Saving to file: 0.012828
Took: 3.449482
Obfuscating layer...
  Encoding 50 elements: 3.792341
  Saving to file: 0.012904
Took: 3.812014
Obfuscation took: 20.942122
Max memory usage: 1717128
Obfuscation took: 20.948038 seconds
