Generating MLM parameters...
  Security Parameter: 152
  Kappa: 4
  Alpha: 152
  Beta: 152
  Eta: 1840
  Nu: 315
  Rho: 152
  Rho_f: 1224
  N: 13336
  Number of Zs: 4
  Size: 5
  Seed: 8674813563472541451
  Generating p_i's and g_i's: 483.535670
  Converting g_i's to python objects: 0.001719
  Generating CRT coefficients: 65.478380
  Generating z_i's: 30.508330
  Generating pzt: 201.033875
  Saving to file: 0.005020
Took: 780.569831
Constructing 152 BPs...
Took: 0.148813
Randomizing BPs...
Took: 10.998083
Constructing bookend vectors...
  Computing bookend vectors: 0.262903
  Encoding 5 elements: 62.906950
  Saving to file: 0.012266
  Encoding 5 elements: 63.092128
  Saving to file: 0.011515
Took: 126.290922
Obfuscating layer...
  Encoding 50 elements: 210.808715
  Saving to file: 0.115008
Took: 210.949386
Obfuscating layer...
  Encoding 50 elements: 227.724081
  Saving to file: 0.109639
Took: 227.864179
Obfuscation took: 1356.821991
Max memory usage: 42284672
Obfuscation took: 1356.833215 seconds
