* Using CLT13 prime generation
Generating MLM parameters...
  Security Parameter: 144
  Kappa: 4
  Alpha: 144
  Beta: 144
  Eta: 1744
  Nu: 299
  Rho: 144
  Rho_f: 1160
  N: 12504
  Number of Zs: 4
  Size: 5
  Seed: 16802627871779009476
  Generating p_i's and g_i's: 125.622197
  Converting g_i's to python objects: 0.000671
  Generating CRT coefficients: 51.759394
  Generating z_i's: 25.751390
  Generating pzt: 67.386448
  Saving to file: 0.004101
Took: 270.529906
Constructing 144 BPs...
Took: 0.134503
Randomizing BPs...
Took: 9.963617
Constructing bookend vectors...
  Computing bookend vectors: 0.255179
  Encoding 5 elements: 2.631251
  Saving to file: 0.011398
  Encoding 5 elements: 2.625254
  Saving to file: 0.010997
Took: 5.538717
Obfuscating layer...
  Encoding 50 elements: 8.595089
  Saving to file: 0.097612
Took: 8.718769
Obfuscating layer...
  Encoding 50 elements: 8.675739
  Saving to file: 0.098391
Took: 8.800110
Obfuscation took: 303.686439
Max memory usage: 34902028
Encoding a single element takes: 0.001675
Obfuscation took: 303.695523 seconds
