* Using CLT13 prime generation
Generating MLM parameters...
  Security Parameter: 48
  Kappa: 4
  Alpha: 48
  Beta: 48
  Eta: 592
  Nu: 107
  Rho: 48
  Rho_f: 392
  N: 3306
  Number of Zs: 4
  Size: 5
  Seed: 13786322617843421352
  Generating p_i's and g_i's: 1.309975
  Converting g_i's to python objects: 0.000080
  Generating CRT coefficients: 1.850701
  Generating z_i's: 1.102504
  Generating pzt: 1.035675
  Saving to file: 0.001009
Took: 5.303717
Constructing 48 BPs...
Took: 0.046804
Randomizing BPs...
Took: 0.243125
Constructing bookend vectors...
  Computing bookend vectors: 0.087009
  Encoding 5 elements: 0.135425
  Saving to file: 0.001354
  Encoding 5 elements: 0.113132
  Saving to file: 0.001349
Took: 0.340132
Obfuscating layer...
  Encoding 50 elements: 0.493420
  Saving to file: 0.009529
Took: 0.509098
Obfuscating layer...
  Encoding 50 elements: 0.393883
  Saving to file: 0.009421
Took: 0.409439
Obfuscation took: 6.852900
Max memory usage: 1038340
Encoding a single element takes: 0.000698
Obfuscation took: 6.857532 seconds
