* Using CLT13 prime generation
Generating MLM parameters...
  Security Parameter: 72
  Kappa: 4
  Alpha: 72
  Beta: 72
  Eta: 880
  Nu: 155
  Rho: 72
  Rho_f: 584
  N: 5429
  Number of Zs: 4
  Size: 5
  Seed: 6400340922154446365
  Generating p_i's and g_i's: 6.546037
  Converting g_i's to python objects: 0.000282
  Generating CRT coefficients: 5.062370
  Generating z_i's: 3.731047
  Generating pzt: 4.451662
  Saving to file: 0.001682
Took: 19.796747
Constructing 72 BPs...
Took: 0.068890
Randomizing BPs...
Took: 0.987759
Constructing bookend vectors...
  Computing bookend vectors: 0.127182
  Encoding 5 elements: 3.276388
  Saving to file: 0.002790
  Encoding 5 elements: 3.374801
  Saving to file: 0.002806
Took: 6.785257
Obfuscating layer...
  Encoding 50 elements: 10.312326
  Saving to file: 0.023630
Took: 10.345220
Obfuscating layer...
  Encoding 50 elements: 10.384099
  Saving to file: 0.023091
Took: 10.416414
Obfuscation took: 48.400897
Max memory usage: 3617792
Obfuscation took: 48.407240 seconds
