* Using CLT13 prime generation
Generating MLM parameters...
  Security Parameter: 120
  Kappa: 4
  Alpha: 120
  Beta: 120
  Eta: 1456
  Nu: 251
  Rho: 120
  Rho_f: 968
  N: 10056
  Number of Zs: 4
  Size: 5
  Seed: 1650867542652929177
  Generating p_i's and g_i's: 57.541824
  Converting g_i's to python objects: 0.000274
  Generating CRT coefficients: 27.089403
  Generating z_i's: 14.996993
  Generating pzt: 32.069948
  Saving to file: 0.002788
Took: 131.706245
Constructing 120 BPs...
Took: 0.112812
Randomizing BPs...
Took: 5.540516
Constructing bookend vectors...
  Computing bookend vectors: 0.210363
  Encoding 5 elements: 1.428350
  Saving to file: 0.007511
  Encoding 5 elements: 1.418306
  Saving to file: 0.008232
Took: 3.076513
Obfuscating layer...
  Encoding 50 elements: 4.822489
  Saving to file: 0.065915
Took: 4.908753
Obfuscating layer...
  Encoding 50 elements: 4.754752
  Saving to file: 0.066510
Took: 4.841630
Obfuscation took: 150.187086
Max memory usage: 19060624
Encoding a single element takes: 0.001507
Obfuscation took: 150.194952 seconds
