* Using CLT13 prime generation
Generating MLM parameters...
  Security Parameter: 128
  Kappa: 4
  Alpha: 128
  Beta: 128
  Eta: 1552
  Nu: 267
  Rho: 128
  Rho_f: 1032
  N: 10864
  Number of Zs: 4
  Size: 5
  Seed: 18031788739316186283
  Generating p_i's and g_i's: 75.364761
  Converting g_i's to python objects: 0.000304
  Generating CRT coefficients: 34.482051
  Generating z_i's: 17.766374
  Generating pzt: 41.238716
  Saving to file: 0.003216
Took: 168.860544
Constructing 128 BPs...
Took: 0.120793
Randomizing BPs...
Took: 6.453987
Constructing bookend vectors...
  Computing bookend vectors: 0.224123
  Encoding 5 elements: 1.623160
  Saving to file: 0.008580
  Encoding 5 elements: 1.614994
  Saving to file: 0.008384
Took: 3.483356
Obfuscating layer...
  Encoding 50 elements: 5.560093
  Saving to file: 0.076031
Took: 5.658629
Obfuscating layer...
  Encoding 50 elements: 5.510527
  Saving to file: 0.076377
Took: 5.609199
Obfuscation took: 190.187327
Max memory usage: 23590644
Encoding a single element takes: 0.001656
Obfuscation took: 190.196074 seconds
