* Using CLT13 prime generation
Generating MLM parameters...
  Security Parameter: 80
  Kappa: 4
  Alpha: 80
  Beta: 80
  Eta: 976
  Nu: 171
  Rho: 80
  Rho_f: 648
  N: 6170
  Number of Zs: 4
  Size: 5
  Seed: 12572381341281259175
  Generating p_i's and g_i's: 10.127706
  Converting g_i's to python objects: 0.000162
  Generating CRT coefficients: 6.843844
  Generating z_i's: 4.990387
  Generating pzt: 6.572472
  Saving to file: 0.002387
Took: 28.540830
Constructing 80 BPs...
Took: 0.079426
Randomizing BPs...
Took: 1.545850
Constructing bookend vectors...
  Computing bookend vectors: 0.142864
  Encoding 5 elements: 4.648233
  Saving to file: 0.002683
  Encoding 5 elements: 4.596873
  Saving to file: 0.003436
Took: 9.396806
Obfuscating layer...
  Encoding 50 elements: 15.079001
  Saving to file: 0.027387
Took: 15.118021
Obfuscating layer...
  Encoding 50 elements: 14.800890
  Saving to file: 0.027876
Took: 14.840569
Obfuscation took: 69.524117
Max memory usage: 5023760
Obfuscation took: 69.532068 seconds
