* Using CLT13 prime generation
Generating MLM parameters...
  Security Parameter: 112
  Kappa: 4
  Alpha: 112
  Beta: 112
  Eta: 1360
  Nu: 235
  Rho: 112
  Rho_f: 904
  N: 9258
  Number of Zs: 4
  Size: 5
  Seed: 16746253835677717889
  Generating p_i's and g_i's: 42.515146
  Converting g_i's to python objects: 0.000244
  Generating CRT coefficients: 21.251415
  Generating z_i's: 12.891694
  Generating pzt: 24.585269
  Saving to file: 0.002633
Took: 101.251121
Constructing 112 BPs...
Took: 0.104683
Randomizing BPs...
Took: 5.036991
Constructing bookend vectors...
  Computing bookend vectors: 0.194264
  Encoding 5 elements: 18.430226
  Saving to file: 0.006703
  Encoding 5 elements: 18.868263
  Saving to file: 0.006536
Took: 37.509678
Obfuscating layer...
  Encoding 50 elements: 64.436250
  Saving to file: 0.057894
Took: 64.514293
Obfuscating layer...
  Encoding 50 elements: 69.578981
  Saving to file: 0.056422
Took: 69.659710
Obfuscation took: 278.077139
Max memory usage: 15261336
Obfuscation took: 278.085651 seconds
