* Using CLT13 prime generation
Generating MLM parameters...
  Security Parameter: 136
  Kappa: 4
  Alpha: 136
  Beta: 136
  Eta: 1648
  Nu: 283
  Rho: 136
  Rho_f: 1096
  N: 11680
  Number of Zs: 4
  Size: 5
  Seed: 8779266268470680209
  Generating p_i's and g_i's: 97.596400
  Converting g_i's to python objects: 0.000304
  Generating CRT coefficients: 43.450852
  Generating z_i's: 22.293294
  Generating pzt: 54.148778
  Saving to file: 0.003673
Took: 217.498639
Constructing 136 BPs...
Took: 0.127835
Randomizing BPs...
Took: 7.449490
Constructing bookend vectors...
  Computing bookend vectors: 0.241855
  Encoding 5 elements: 41.994980
  Saving to file: 0.008717
  Encoding 5 elements: 41.960625
  Saving to file: 0.008564
Took: 84.219561
Obfuscating layer...
  Encoding 50 elements: 155.133858
  Saving to file: 0.092409
Took: 155.263165
Obfuscating layer...
  Encoding 50 elements: 149.719536
  Saving to file: 0.092337
Took: 149.841784
Obfuscation took: 614.402821
Max memory usage: 28961980
Obfuscation took: 614.417377 seconds
