Generating MLM parameters...
  Security Parameter: 24
  Kappa: 4
  Alpha: 24
  Beta: 24
  Eta: 304
  Nu: 59
  Rho: 24
  Rho_f: 200
  N: 1393
  Number of Zs: 4
  Size: 5
  Seed: 14866642150584333963
  Generating p_i's and g_i's: 0.119609
  Converting g_i's to python objects: 0.000032
  Generating CRT coefficients: 0.090370
  Generating z_i's: 0.137948
  Generating pzt: 0.105668
  Saving to file: 0.000560
Took: 0.456910
Constructing 24 BPs...
Took: 0.023098
Randomizing BPs...
Took: 0.193076
Constructing bookend vectors...
  Computing bookend vectors: 0.052682
  Encoding 5 elements: 0.056156
  Saving to file: 0.000434
  Encoding 5 elements: 0.055220
  Saving to file: 0.000475
Took: 0.165947
Obfuscating layer...
  Encoding 50 elements: 0.206185
  Saving to file: 0.003118
Took: 0.212404
Obfuscating layer...
  Encoding 50 elements: 0.190867
  Saving to file: 0.003194
Took: 0.196745
Obfuscation took: 1.248778
Max memory usage: 247464
Obfuscation took: 1.251503 seconds
