4	../code/circuits/threeands.circ.obf.24/0.input
46722139	../code/circuits/threeands.circ.obf.24/0.one
46722141	../code/circuits/threeands.circ.obf.24/0.zero
5	../code/circuits/threeands.circ.obf.24/10.input
46722136	../code/circuits/threeands.circ.obf.24/10.one
46722138	../code/circuits/threeands.circ.obf.24/10.zero
5	../code/circuits/threeands.circ.obf.24/11.input
46722132	../code/circuits/threeands.circ.obf.24/11.one
46722138	../code/circuits/threeands.circ.obf.24/11.zero
4	../code/circuits/threeands.circ.obf.24/12.input
46722142	../code/circuits/threeands.circ.obf.24/12.one
46722142	../code/circuits/threeands.circ.obf.24/12.zero
5	../code/circuits/threeands.circ.obf.24/13.input
46722134	../code/circuits/threeands.circ.obf.24/13.one
46722139	../code/circuits/threeands.circ.obf.24/13.zero
5	../code/circuits/threeands.circ.obf.24/14.input
46722138	../code/circuits/threeands.circ.obf.24/14.one
46722139	../code/circuits/threeands.circ.obf.24/14.zero
5	../code/circuits/threeands.circ.obf.24/15.input
46722142	../code/circuits/threeands.circ.obf.24/15.one
46722142	../code/circuits/threeands.circ.obf.24/15.zero
5	../code/circuits/threeands.circ.obf.24/1.input
46722141	../code/circuits/threeands.circ.obf.24/1.one
46722137	../code/circuits/threeands.circ.obf.24/1.zero
5	../code/circuits/threeands.circ.obf.24/2.input
46722137	../code/circuits/threeands.circ.obf.24/2.one
46722141	../code/circuits/threeands.circ.obf.24/2.zero
5	../code/circuits/threeands.circ.obf.24/3.input
46722140	../code/circuits/threeands.circ.obf.24/3.one
46722138	../code/circuits/threeands.circ.obf.24/3.zero
4	../code/circuits/threeands.circ.obf.24/4.input
46722134	../code/circuits/threeands.circ.obf.24/4.one
46722132	../code/circuits/threeands.circ.obf.24/4.zero
5	../code/circuits/threeands.circ.obf.24/5.input
46722147	../code/circuits/threeands.circ.obf.24/5.one
46722130	../code/circuits/threeands.circ.obf.24/5.zero
5	../code/circuits/threeands.circ.obf.24/6.input
46722141	../code/circuits/threeands.circ.obf.24/6.one
46722136	../code/circuits/threeands.circ.obf.24/6.zero
5	../code/circuits/threeands.circ.obf.24/7.input
46722138	../code/circuits/threeands.circ.obf.24/7.one
46722136	../code/circuits/threeands.circ.obf.24/7.zero
4	../code/circuits/threeands.circ.obf.24/8.input
46722140	../code/circuits/threeands.circ.obf.24/8.one
46722138	../code/circuits/threeands.circ.obf.24/8.zero
5	../code/circuits/threeands.circ.obf.24/9.input
46722130	../code/circuits/threeands.circ.obf.24/9.one
46722130	../code/circuits/threeands.circ.obf.24/9.zero
5	../code/circuits/threeands.circ.obf.24/nu
576816	../code/circuits/threeands.circ.obf.24/pzt
5191347	../code/circuits/threeands.circ.obf.24/s_enc
5	../code/circuits/threeands.circ.obf.24/size
5191351	../code/circuits/threeands.circ.obf.24/t_enc
576817	../code/circuits/threeands.circ.obf.24/x0
